============================= test session starts ==============================
collecting ... collected 7 items

tests/unit/api/test_rest_health.py::test_healthcheck_returns_200_when_healthy PASSED [ 14%]
tests/unit/api/test_rest_health.py::test_healthcheck_returns_503_when_rabbitmq_unhealthy[False-False] FAILED [ 28%]
	 wrote docker log and json files for 1 containers in  /home/crespo/repos/osparc-simcore/services/payments/test_failures/test_healthcheck_returns_503_when_rabbitmq_unhealthy[False-False]

tests/unit/api/test_rest_health.py::test_healthcheck_returns_503_when_rabbitmq_unhealthy[False-True] FAILED [ 42%]
	 wrote docker log and json files for 1 containers in  /home/crespo/repos/osparc-simcore/services/payments/test_failures/test_healthcheck_returns_503_when_rabbitmq_unhealthy[False-True]

tests/unit/api/test_rest_health.py::test_healthcheck_returns_503_when_rabbitmq_unhealthy[True-False] FAILED [ 57%]
	 wrote docker log and json files for 1 containers in  /home/crespo/repos/osparc-simcore/services/payments/test_failures/test_healthcheck_returns_503_when_rabbitmq_unhealthy[True-False]

tests/unit/api/test_rest_health.py::test_healthcheck_does_not_log_error_when_rabbitmq_unhealthy[False-False] FAILED [ 71%]
	 wrote docker log and json files for 1 containers in  /home/crespo/repos/osparc-simcore/services/payments/test_failures/test_healthcheck_does_not_log_error_when_rabbitmq_unhealthy[False-False]

tests/unit/api/test_rest_health.py::test_healthcheck_does_not_log_error_when_rabbitmq_unhealthy[False-True] FAILED [ 85%]
	 wrote docker log and json files for 1 containers in  /home/crespo/repos/osparc-simcore/services/payments/test_failures/test_healthcheck_does_not_log_error_when_rabbitmq_unhealthy[False-True]

tests/unit/api/test_rest_health.py::test_healthcheck_does_not_log_error_when_rabbitmq_unhealthy[True-False] FAILED [100%]
	 wrote docker log and json files for 1 containers in  /home/crespo/repos/osparc-simcore/services/payments/test_failures/test_healthcheck_does_not_log_error_when_rabbitmq_unhealthy[True-False]

	 wrote docker log and json files for 1 containers in  /home/crespo/repos/osparc-simcore/services/payments/test_failures


=================================== FAILURES ===================================
______ test_healthcheck_returns_503_when_rabbitmq_unhealthy[False-False] _______
  + Exception Group Traceback (most recent call last):
  |   File "/home/crespo/repos/osparc-simcore/.venv/lib/python3.13/site-packages/starlette/_utils.py", line 77, in collapse_excgroups
  |     yield
  |   File "/home/crespo/repos/osparc-simcore/.venv/lib/python3.13/site-packages/starlette/middleware/base.py", line 183, in __call__
  |     async with anyio.create_task_group() as task_group:
  |                ~~~~~~~~~~~~~~~~~~~~~~~^^
  |   File "/home/crespo/repos/osparc-simcore/.venv/lib/python3.13/site-packages/anyio/_backends/_asyncio.py", line 763, in __aexit__
  |     raise BaseExceptionGroup(
  |         "unhandled errors in a TaskGroup", self._exceptions
  |     )
  | ExceptionGroup: unhandled errors in a TaskGroup (1 sub-exception)
  +-+---------------- 1 ----------------
    | Traceback (most recent call last):
    |   File "/home/crespo/repos/osparc-simcore/.venv/lib/python3.13/site-packages/_pytest/runner.py", line 353, in from_call
    |     result: TResult | None = func()
    |                              ~~~~^^
    |   File "/home/crespo/repos/osparc-simcore/.venv/lib/python3.13/site-packages/_pytest/runner.py", line 245, in <lambda>
    |     lambda: runtest_hook(item=item, **kwds),
    |             ~~~~~~~~~~~~^^^^^^^^^^^^^^^^^^^
    |   File "/home/crespo/repos/osparc-simcore/.venv/lib/python3.13/site-packages/pluggy/_hooks.py", line 512, in __call__
    |     return self._hookexec(self.name, self._hookimpls.copy(), kwargs, firstresult)
    |            ~~~~~~~~~~~~~~^^^^^^^^^^^^^^^^^^^^^^^^^^^^^^^^^^^^^^^^^^^^^^^^^^^^^^^^
    |   File "/home/crespo/repos/osparc-simcore/.venv/lib/python3.13/site-packages/pluggy/_manager.py", line 120, in _hookexec
    |     return self._inner_hookexec(hook_name, methods, kwargs, firstresult)
    |            ~~~~~~~~~~~~~~~~~~~~^^^^^^^^^^^^^^^^^^^^^^^^^^^^^^^^^^^^^^^^^
    |   File "/home/crespo/repos/osparc-simcore/.venv/lib/python3.13/site-packages/pluggy/_callers.py", line 167, in _multicall
    |     raise exception
    |   File "/home/crespo/repos/osparc-simcore/.venv/lib/python3.13/site-packages/pluggy/_callers.py", line 139, in _multicall
    |     teardown.throw(exception)
    |     ~~~~~~~~~~~~~~^^^^^^^^^^^
    |   File "/home/crespo/repos/osparc-simcore/.venv/lib/python3.13/site-packages/_pytest/logging.py", line 850, in pytest_runtest_call
    |     yield
    |   File "/home/crespo/repos/osparc-simcore/.venv/lib/python3.13/site-packages/pluggy/_callers.py", line 139, in _multicall
    |     teardown.throw(exception)
    |     ~~~~~~~~~~~~~~^^^^^^^^^^^
    |   File "/home/crespo/repos/osparc-simcore/.venv/lib/python3.13/site-packages/_pytest/capture.py", line 900, in pytest_runtest_call
    |     return (yield)
    |             ^^^^^
    |   File "/home/crespo/repos/osparc-simcore/.venv/lib/python3.13/site-packages/pluggy/_callers.py", line 139, in _multicall
    |     teardown.throw(exception)
    |     ~~~~~~~~~~~~~~^^^^^^^^^^^
    |   File "/home/crespo/repos/osparc-simcore/.venv/lib/python3.13/site-packages/_pytest/skipping.py", line 268, in pytest_runtest_call
    |     return (yield)
    |             ^^^^^
    |   File "/home/crespo/repos/osparc-simcore/.venv/lib/python3.13/site-packages/pluggy/_callers.py", line 121, in _multicall
    |     res = hook_impl.function(*args)
    |   File "/home/crespo/repos/osparc-simcore/.venv/lib/python3.13/site-packages/_pytest/runner.py", line 179, in pytest_runtest_call
    |     item.runtest()
    |     ~~~~~~~~~~~~^^
    |   File "/home/crespo/repos/osparc-simcore/.venv/lib/python3.13/site-packages/pytest_asyncio/plugin.py", line 469, in runtest
    |     super().runtest()
    |     ~~~~~~~~~~~~~~~^^
    |   File "/home/crespo/repos/osparc-simcore/.venv/lib/python3.13/site-packages/_pytest/python.py", line 1720, in runtest
    |     self.ihook.pytest_pyfunc_call(pyfuncitem=self)
    |     ~~~~~~~~~~~~~~~~~~~~~~~~~~~~~^^^^^^^^^^^^^^^^^
    |   File "/home/crespo/repos/osparc-simcore/.venv/lib/python3.13/site-packages/pluggy/_hooks.py", line 512, in __call__
    |     return self._hookexec(self.name, self._hookimpls.copy(), kwargs, firstresult)
    |            ~~~~~~~~~~~~~~^^^^^^^^^^^^^^^^^^^^^^^^^^^^^^^^^^^^^^^^^^^^^^^^^^^^^^^^
    |   File "/home/crespo/repos/osparc-simcore/.venv/lib/python3.13/site-packages/pluggy/_manager.py", line 120, in _hookexec
    |     return self._inner_hookexec(hook_name, methods, kwargs, firstresult)
    |            ~~~~~~~~~~~~~~~~~~~~^^^^^^^^^^^^^^^^^^^^^^^^^^^^^^^^^^^^^^^^^
    |   File "/home/crespo/repos/osparc-simcore/.venv/lib/python3.13/site-packages/pluggy/_callers.py", line 167, in _multicall
    |     raise exception
    |   File "/home/crespo/repos/osparc-simcore/.venv/lib/python3.13/site-packages/pluggy/_callers.py", line 139, in _multicall
    |     teardown.throw(exception)
    |     ~~~~~~~~~~~~~~^^^^^^^^^^^
    |   File "/home/crespo/repos/osparc-simcore/.venv/lib/python3.13/site-packages/pluggy/_callers.py", line 53, in run_old_style_hookwrapper
    |     return result.get_result()
    |            ~~~~~~~~~~~~~~~~~^^
    |   File "/home/crespo/repos/osparc-simcore/.venv/lib/python3.13/site-packages/pluggy/_result.py", line 103, in get_result
    |     raise exc.with_traceback(tb)
    |   File "/home/crespo/repos/osparc-simcore/.venv/lib/python3.13/site-packages/pluggy/_callers.py", line 38, in run_old_style_hookwrapper
    |     res = yield
    |           ^^^^^
    |   File "/home/crespo/repos/osparc-simcore/.venv/lib/python3.13/site-packages/pluggy/_callers.py", line 121, in _multicall
    |     res = hook_impl.function(*args)
    |   File "/home/crespo/repos/osparc-simcore/.venv/lib/python3.13/site-packages/_pytest/python.py", line 166, in pytest_pyfunc_call
    |     result = testfunction(**testargs)
    |   File "/home/crespo/repos/osparc-simcore/.venv/lib/python3.13/site-packages/pytest_asyncio/plugin.py", line 716, in inner
    |     runner.run(coro, context=context)
    |     ~~~~~~~~~~^^^^^^^^^^^^^^^^^^^^^^^
    |   File "/home/crespo/.local/share/uv/python/cpython-3.13.9-linux-x86_64-gnu/lib/python3.13/asyncio/runners.py", line 118, in run
    |     return self._loop.run_until_complete(task)
    |            ~~~~~~~~~~~~~~~~~~~~~~~~~~~~~^^^^^^
    |   File "/home/crespo/.local/share/uv/python/cpython-3.13.9-linux-x86_64-gnu/lib/python3.13/asyncio/base_events.py", line 725, in run_until_complete
    |     return future.result()
    |            ~~~~~~~~~~~~~^^
    |   File "/home/crespo/repos/osparc-simcore/services/payments/tests/unit/api/test_rest_health.py", line 66, in test_healthcheck_returns_503_when_rabbitmq_unhealthy
    |     response = await client.get("/")
    |                ^^^^^^^^^^^^^^^^^^^^^
    |   File "/home/crespo/repos/osparc-simcore/.venv/lib/python3.13/site-packages/httpx/_client.py", line 1768, in get
    |     return await self.request(
    |            ^^^^^^^^^^^^^^^^^^^
    |     ...<9 lines>...
    |     )
    |     ^
    |   File "/home/crespo/repos/osparc-simcore/.venv/lib/python3.13/site-packages/httpx/_client.py", line 1540, in request
    |     return await self.send(request, auth=auth, follow_redirects=follow_redirects)
    |            ^^^^^^^^^^^^^^^^^^^^^^^^^^^^^^^^^^^^^^^^^^^^^^^^^^^^^^^^^^^^^^^^^^^^^^
    |   File "/home/crespo/repos/osparc-simcore/.venv/lib/python3.13/site-packages/httpx/_client.py", line 1629, in send
    |     response = await self._send_handling_auth(
    |                ^^^^^^^^^^^^^^^^^^^^^^^^^^^^^^^
    |     ...<4 lines>...
    |     )
    |     ^
    |   File "/home/crespo/repos/osparc-simcore/.venv/lib/python3.13/site-packages/httpx/_client.py", line 1657, in _send_handling_auth
    |     response = await self._send_handling_redirects(
    |                ^^^^^^^^^^^^^^^^^^^^^^^^^^^^^^^^^^^^
    |     ...<3 lines>...
    |     )
    |     ^
    |   File "/home/crespo/repos/osparc-simcore/.venv/lib/python3.13/site-packages/httpx/_client.py", line 1694, in _send_handling_redirects
    |     response = await self._send_single_request(request)
    |                ^^^^^^^^^^^^^^^^^^^^^^^^^^^^^^^^^^^^^^^^
    |   File "/home/crespo/repos/osparc-simcore/.venv/lib/python3.13/site-packages/httpx/_client.py", line 1730, in _send_single_request
    |     response = await transport.handle_async_request(request)
    |                ^^^^^^^^^^^^^^^^^^^^^^^^^^^^^^^^^^^^^^^^^^^^^
    |   File "/home/crespo/repos/osparc-simcore/.venv/lib/python3.13/site-packages/httpx/_transports/asgi.py", line 170, in handle_async_request
    |     await self.app(scope, receive, send)
    |   File "/home/crespo/repos/osparc-simcore/.venv/lib/python3.13/site-packages/fastapi/applications.py", line 1054, in __call__
    |     await super().__call__(scope, receive, send)
    |   File "/home/crespo/repos/osparc-simcore/.venv/lib/python3.13/site-packages/starlette/applications.py", line 113, in __call__
    |     await self.middleware_stack(scope, receive, send)
    |   File "/home/crespo/repos/osparc-simcore/.venv/lib/python3.13/site-packages/starlette/middleware/errors.py", line 186, in __call__
    |     raise exc
    |   File "/home/crespo/repos/osparc-simcore/.venv/lib/python3.13/site-packages/starlette/middleware/errors.py", line 164, in __call__
    |     await self.app(scope, receive, _send)
    |   File "/home/crespo/repos/osparc-simcore/.venv/lib/python3.13/site-packages/opentelemetry/instrumentation/asgi/__init__.py", line 811, in __call__
    |     await self.app(scope, otel_receive, otel_send)
    |   File "/home/crespo/repos/osparc-simcore/.venv/lib/python3.13/site-packages/starlette/middleware/errors.py", line 186, in __call__
    |     raise exc
    |   File "/home/crespo/repos/osparc-simcore/.venv/lib/python3.13/site-packages/starlette/middleware/errors.py", line 164, in __call__
    |     await self.app(scope, receive, _send)
    |   File "/home/crespo/repos/osparc-simcore/.venv/lib/python3.13/site-packages/opentelemetry/instrumentation/fastapi/__init__.py", line 307, in __call__
    |     await self.app(scope, receive, send)
    |   File "/home/crespo/repos/osparc-simcore/.venv/lib/python3.13/site-packages/starlette/middleware/base.py", line 182, in __call__
    |     with recv_stream, send_stream, collapse_excgroups():
    |                                    ~~~~~~~~~~~~~~~~~~^^
    |   File "/home/crespo/.local/share/uv/python/cpython-3.13.9-linux-x86_64-gnu/lib/python3.13/contextlib.py", line 162, in __exit__
    |     self.gen.throw(value)
    |     ~~~~~~~~~~~~~~^^^^^^^
    |   File "/home/crespo/repos/osparc-simcore/.venv/lib/python3.13/site-packages/starlette/_utils.py", line 83, in collapse_excgroups
    |     raise exc
    |   File "/home/crespo/repos/osparc-simcore/.venv/lib/python3.13/site-packages/starlette/middleware/base.py", line 184, in __call__
    |     response = await self.dispatch_func(request, call_next)
    |                ^^^^^^^^^^^^^^^^^^^^^^^^^^^^^^^^^^^^^^^^^^^^
    |   File "/home/crespo/repos/osparc-simcore/packages/service-library/src/servicelib/fastapi/monitoring.py", line 55, in dispatch
    |     response = await call_next(request)
    |                ^^^^^^^^^^^^^^^^^^^^^^^^
    |   File "/home/crespo/repos/osparc-simcore/.venv/lib/python3.13/site-packages/starlette/middleware/base.py", line 159, in call_next
    |     raise app_exc
    |   File "/home/crespo/repos/osparc-simcore/.venv/lib/python3.13/site-packages/starlette/middleware/base.py", line 144, in coro
    |     await self.app(scope, receive_or_disconnect, send_no_error)
    |   File "/home/crespo/repos/osparc-simcore/.venv/lib/python3.13/site-packages/starlette/middleware/exceptions.py", line 63, in __call__
    |     await wrap_app_handling_exceptions(self.app, conn)(scope, receive, send)
    |   File "/home/crespo/repos/osparc-simcore/.venv/lib/python3.13/site-packages/starlette/_exception_handler.py", line 53, in wrapped_app
    |     raise exc
    |   File "/home/crespo/repos/osparc-simcore/.venv/lib/python3.13/site-packages/starlette/_exception_handler.py", line 42, in wrapped_app
    |     await app(scope, receive, sender)
    |   File "/home/crespo/repos/osparc-simcore/.venv/lib/python3.13/site-packages/starlette/routing.py", line 716, in __call__
    |     await self.middleware_stack(scope, receive, send)
    |   File "/home/crespo/repos/osparc-simcore/.venv/lib/python3.13/site-packages/starlette/routing.py", line 736, in app
    |     await route.handle(scope, receive, send)
    |   File "/home/crespo/repos/osparc-simcore/.venv/lib/python3.13/site-packages/starlette/routing.py", line 290, in handle
    |     await self.app(scope, receive, send)
    |   File "/home/crespo/repos/osparc-simcore/.venv/lib/python3.13/site-packages/starlette/routing.py", line 78, in app
    |     await wrap_app_handling_exceptions(app, request)(scope, receive, send)
    |   File "/home/crespo/repos/osparc-simcore/.venv/lib/python3.13/site-packages/starlette/_exception_handler.py", line 53, in wrapped_app
    |     raise exc
    |   File "/home/crespo/repos/osparc-simcore/.venv/lib/python3.13/site-packages/starlette/_exception_handler.py", line 42, in wrapped_app
    |     await app(scope, receive, sender)
    |   File "/home/crespo/repos/osparc-simcore/.venv/lib/python3.13/site-packages/starlette/routing.py", line 75, in app
    |     response = await f(request)
    |                ^^^^^^^^^^^^^^^^
    |   File "/home/crespo/repos/osparc-simcore/.venv/lib/python3.13/site-packages/fastapi/routing.py", line 302, in app
    |     raw_response = await run_endpoint_function(
    |                    ^^^^^^^^^^^^^^^^^^^^^^^^^^^^
    |     ...<3 lines>...
    |     )
    |     ^
    |   File "/home/crespo/repos/osparc-simcore/.venv/lib/python3.13/site-packages/fastapi/routing.py", line 213, in run_endpoint_function
    |     return await dependant.call(**values)
    |            ^^^^^^^^^^^^^^^^^^^^^^^^^^^^^^
    |   File "/home/crespo/repos/osparc-simcore/services/payments/src/simcore_service_payments/api/rest/_health.py", line 25, in healthcheck
    |     raise HealthCheckError(RABBITMQ_CLIENT_UNHEALTHY_MSG)
    | servicelib.fastapi.health.HealthCheckError: RabbitMQ cannot be reached!
    +------------------------------------

During handling of the above exception, another exception occurred:

Traceback (most recent call last):
  File "/home/crespo/repos/osparc-simcore/services/payments/tests/unit/api/test_rest_health.py", line 66, in test_healthcheck_returns_503_when_rabbitmq_unhealthy
    response = await client.get("/")
               ^^^^^^^^^^^^^^^^^^^^^
  File "/home/crespo/repos/osparc-simcore/.venv/lib/python3.13/site-packages/httpx/_client.py", line 1768, in get
    return await self.request(
           ^^^^^^^^^^^^^^^^^^^
    ...<9 lines>...
    )
    ^
  File "/home/crespo/repos/osparc-simcore/.venv/lib/python3.13/site-packages/httpx/_client.py", line 1540, in request
    return await self.send(request, auth=auth, follow_redirects=follow_redirects)
           ^^^^^^^^^^^^^^^^^^^^^^^^^^^^^^^^^^^^^^^^^^^^^^^^^^^^^^^^^^^^^^^^^^^^^^
  File "/home/crespo/repos/osparc-simcore/.venv/lib/python3.13/site-packages/httpx/_client.py", line 1629, in send
    response = await self._send_handling_auth(
               ^^^^^^^^^^^^^^^^^^^^^^^^^^^^^^^
    ...<4 lines>...
    )
    ^
  File "/home/crespo/repos/osparc-simcore/.venv/lib/python3.13/site-packages/httpx/_client.py", line 1657, in _send_handling_auth
    response = await self._send_handling_redirects(
               ^^^^^^^^^^^^^^^^^^^^^^^^^^^^^^^^^^^^
    ...<3 lines>...
    )
    ^
  File "/home/crespo/repos/osparc-simcore/.venv/lib/python3.13/site-packages/httpx/_client.py", line 1694, in _send_handling_redirects
    response = await self._send_single_request(request)
               ^^^^^^^^^^^^^^^^^^^^^^^^^^^^^^^^^^^^^^^^
  File "/home/crespo/repos/osparc-simcore/.venv/lib/python3.13/site-packages/httpx/_client.py", line 1730, in _send_single_request
    response = await transport.handle_async_request(request)
               ^^^^^^^^^^^^^^^^^^^^^^^^^^^^^^^^^^^^^^^^^^^^^
  File "/home/crespo/repos/osparc-simcore/.venv/lib/python3.13/site-packages/httpx/_transports/asgi.py", line 170, in handle_async_request
    await self.app(scope, receive, send)
  File "/home/crespo/repos/osparc-simcore/.venv/lib/python3.13/site-packages/fastapi/applications.py", line 1054, in __call__
    await super().__call__(scope, receive, send)
  File "/home/crespo/repos/osparc-simcore/.venv/lib/python3.13/site-packages/starlette/applications.py", line 113, in __call__
    await self.middleware_stack(scope, receive, send)
  File "/home/crespo/repos/osparc-simcore/.venv/lib/python3.13/site-packages/starlette/middleware/errors.py", line 186, in __call__
    raise exc
  File "/home/crespo/repos/osparc-simcore/.venv/lib/python3.13/site-packages/starlette/middleware/errors.py", line 164, in __call__
    await self.app(scope, receive, _send)
  File "/home/crespo/repos/osparc-simcore/.venv/lib/python3.13/site-packages/opentelemetry/instrumentation/asgi/__init__.py", line 811, in __call__
    await self.app(scope, otel_receive, otel_send)
  File "/home/crespo/repos/osparc-simcore/.venv/lib/python3.13/site-packages/starlette/middleware/errors.py", line 186, in __call__
    raise exc
  File "/home/crespo/repos/osparc-simcore/.venv/lib/python3.13/site-packages/starlette/middleware/errors.py", line 164, in __call__
    await self.app(scope, receive, _send)
  File "/home/crespo/repos/osparc-simcore/.venv/lib/python3.13/site-packages/opentelemetry/instrumentation/fastapi/__init__.py", line 307, in __call__
    await self.app(scope, receive, send)
  File "/home/crespo/repos/osparc-simcore/.venv/lib/python3.13/site-packages/starlette/middleware/base.py", line 182, in __call__
    with recv_stream, send_stream, collapse_excgroups():
                                   ~~~~~~~~~~~~~~~~~~^^
  File "/home/crespo/.local/share/uv/python/cpython-3.13.9-linux-x86_64-gnu/lib/python3.13/contextlib.py", line 162, in __exit__
    self.gen.throw(value)
    ~~~~~~~~~~~~~~^^^^^^^
  File "/home/crespo/repos/osparc-simcore/.venv/lib/python3.13/site-packages/starlette/_utils.py", line 83, in collapse_excgroups
    raise exc
  File "/home/crespo/repos/osparc-simcore/.venv/lib/python3.13/site-packages/starlette/middleware/base.py", line 184, in __call__
    response = await self.dispatch_func(request, call_next)
               ^^^^^^^^^^^^^^^^^^^^^^^^^^^^^^^^^^^^^^^^^^^^
  File "/home/crespo/repos/osparc-simcore/packages/service-library/src/servicelib/fastapi/monitoring.py", line 55, in dispatch
    response = await call_next(request)
               ^^^^^^^^^^^^^^^^^^^^^^^^
  File "/home/crespo/repos/osparc-simcore/.venv/lib/python3.13/site-packages/starlette/middleware/base.py", line 159, in call_next
    raise app_exc
  File "/home/crespo/repos/osparc-simcore/.venv/lib/python3.13/site-packages/starlette/middleware/base.py", line 144, in coro
    await self.app(scope, receive_or_disconnect, send_no_error)
  File "/home/crespo/repos/osparc-simcore/.venv/lib/python3.13/site-packages/starlette/middleware/exceptions.py", line 63, in __call__
    await wrap_app_handling_exceptions(self.app, conn)(scope, receive, send)
  File "/home/crespo/repos/osparc-simcore/.venv/lib/python3.13/site-packages/starlette/_exception_handler.py", line 53, in wrapped_app
    raise exc
  File "/home/crespo/repos/osparc-simcore/.venv/lib/python3.13/site-packages/starlette/_exception_handler.py", line 42, in wrapped_app
    await app(scope, receive, sender)
  File "/home/crespo/repos/osparc-simcore/.venv/lib/python3.13/site-packages/starlette/routing.py", line 716, in __call__
    await self.middleware_stack(scope, receive, send)
  File "/home/crespo/repos/osparc-simcore/.venv/lib/python3.13/site-packages/starlette/routing.py", line 736, in app
    await route.handle(scope, receive, send)
  File "/home/crespo/repos/osparc-simcore/.venv/lib/python3.13/site-packages/starlette/routing.py", line 290, in handle
    await self.app(scope, receive, send)
  File "/home/crespo/repos/osparc-simcore/.venv/lib/python3.13/site-packages/starlette/routing.py", line 78, in app
    await wrap_app_handling_exceptions(app, request)(scope, receive, send)
  File "/home/crespo/repos/osparc-simcore/.venv/lib/python3.13/site-packages/starlette/_exception_handler.py", line 53, in wrapped_app
    raise exc
  File "/home/crespo/repos/osparc-simcore/.venv/lib/python3.13/site-packages/starlette/_exception_handler.py", line 42, in wrapped_app
    await app(scope, receive, sender)
  File "/home/crespo/repos/osparc-simcore/.venv/lib/python3.13/site-packages/starlette/routing.py", line 75, in app
    response = await f(request)
               ^^^^^^^^^^^^^^^^
  File "/home/crespo/repos/osparc-simcore/.venv/lib/python3.13/site-packages/fastapi/routing.py", line 302, in app
    raw_response = await run_endpoint_function(
                   ^^^^^^^^^^^^^^^^^^^^^^^^^^^^
    ...<3 lines>...
    )
    ^
  File "/home/crespo/repos/osparc-simcore/.venv/lib/python3.13/site-packages/fastapi/routing.py", line 213, in run_endpoint_function
    return await dependant.call(**values)
           ^^^^^^^^^^^^^^^^^^^^^^^^^^^^^^
  File "/home/crespo/repos/osparc-simcore/services/payments/src/simcore_service_payments/api/rest/_health.py", line 25, in healthcheck
    raise HealthCheckError(RABBITMQ_CLIENT_UNHEALTHY_MSG)
servicelib.fastapi.health.HealthCheckError: RabbitMQ cannot be reached!

During handling of the above exception, another exception occurred:

with_disabled_rabbitmq_and_rpc = None, with_disabled_postgres = None
client = <httpx.AsyncClient object at 0x7bf4dd901480>
mocker = <pytest_mock.plugin.MockerFixture object at 0x7bf4de24a990>
client_healthy = False, rpc_client_healthy = False

    @pytest.mark.parametrize(
        "client_healthy, rpc_client_healthy",
        [(False, False), (False, True), (True, False)],
    )
    async def test_healthcheck_returns_503_when_rabbitmq_unhealthy(
        with_disabled_rabbitmq_and_rpc: None,
        with_disabled_postgres: None,
        client: httpx.AsyncClient,
        mocker: MockerFixture,
        client_healthy: bool,
        rpc_client_healthy: bool,
    ):
        """When the RabbitMQ client is unhealthy (e.g. AWS MQ maintenance), the
        healthcheck endpoint must return HTTP 503 (not raise an exception that
        produces a noisy 500 + traceback in the logs)."""
        _mock_rabbitmq_clients(mocker, client_healthy=client_healthy, rpc_client_healthy=rpc_client_healthy)

>       response = await client.get("/")
                   ^^^^^^^^^^^^^^^^^^^^^

tests/unit/api/test_rest_health.py:66:
_ _ _ _ _ _ _ _ _ _ _ _ _ _ _ _ _ _ _ _ _ _ _ _ _ _ _ _ _ _ _ _ _ _ _ _ _ _ _ _
../../.venv/lib/python3.13/site-packages/httpx/_client.py:1768: in get
    return await self.request(
../../.venv/lib/python3.13/site-packages/httpx/_client.py:1540: in request
    return await self.send(request, auth=auth, follow_redirects=follow_redirects)
           ^^^^^^^^^^^^^^^^^^^^^^^^^^^^^^^^^^^^^^^^^^^^^^^^^^^^^^^^^^^^^^^^^^^^^^
../../.venv/lib/python3.13/site-packages/httpx/_client.py:1629: in send
    response = await self._send_handling_auth(
../../.venv/lib/python3.13/site-packages/httpx/_client.py:1657: in _send_handling_auth
    response = await self._send_handling_redirects(
../../.venv/lib/python3.13/site-packages/httpx/_client.py:1694: in _send_handling_redirects
    response = await self._send_single_request(request)
               ^^^^^^^^^^^^^^^^^^^^^^^^^^^^^^^^^^^^^^^^
../../.venv/lib/python3.13/site-packages/httpx/_client.py:1730: in _send_single_request
    response = await transport.handle_async_request(request)
               ^^^^^^^^^^^^^^^^^^^^^^^^^^^^^^^^^^^^^^^^^^^^^
../../.venv/lib/python3.13/site-packages/httpx/_transports/asgi.py:170: in handle_async_request
    await self.app(scope, receive, send)
../../.venv/lib/python3.13/site-packages/fastapi/applications.py:1054: in __call__
    await super().__call__(scope, receive, send)
../../.venv/lib/python3.13/site-packages/starlette/applications.py:113: in __call__
    await self.middleware_stack(scope, receive, send)
../../.venv/lib/python3.13/site-packages/starlette/middleware/errors.py:186: in __call__
    raise exc
../../.venv/lib/python3.13/site-packages/starlette/middleware/errors.py:164: in __call__
    await self.app(scope, receive, _send)
../../.venv/lib/python3.13/site-packages/opentelemetry/instrumentation/asgi/__init__.py:811: in __call__
    await self.app(scope, otel_receive, otel_send)
../../.venv/lib/python3.13/site-packages/starlette/middleware/errors.py:186: in __call__
    raise exc
../../.venv/lib/python3.13/site-packages/starlette/middleware/errors.py:164: in __call__
    await self.app(scope, receive, _send)
../../.venv/lib/python3.13/site-packages/opentelemetry/instrumentation/fastapi/__init__.py:307: in __call__
    await self.app(scope, receive, send)
../../.venv/lib/python3.13/site-packages/starlette/middleware/base.py:182: in __call__
    with recv_stream, send_stream, collapse_excgroups():
                                   ^^^^^^^^^^^^^^^^^^^^
../../../../.local/share/uv/python/cpython-3.13.9-linux-x86_64-gnu/lib/python3.13/contextlib.py:162: in __exit__
    self.gen.throw(value)
../../.venv/lib/python3.13/site-packages/starlette/_utils.py:83: in collapse_excgroups
    raise exc
../../.venv/lib/python3.13/site-packages/starlette/middleware/base.py:184: in __call__
    response = await self.dispatch_func(request, call_next)
               ^^^^^^^^^^^^^^^^^^^^^^^^^^^^^^^^^^^^^^^^^^^^
../../packages/service-library/src/servicelib/fastapi/monitoring.py:55: in dispatch
    response = await call_next(request)
               ^^^^^^^^^^^^^^^^^^^^^^^^
../../.venv/lib/python3.13/site-packages/starlette/middleware/base.py:159: in call_next
    raise app_exc
../../.venv/lib/python3.13/site-packages/starlette/middleware/base.py:144: in coro
    await self.app(scope, receive_or_disconnect, send_no_error)
../../.venv/lib/python3.13/site-packages/starlette/middleware/exceptions.py:63: in __call__
    await wrap_app_handling_exceptions(self.app, conn)(scope, receive, send)
../../.venv/lib/python3.13/site-packages/starlette/_exception_handler.py:53: in wrapped_app
    raise exc
../../.venv/lib/python3.13/site-packages/starlette/_exception_handler.py:42: in wrapped_app
    await app(scope, receive, sender)
../../.venv/lib/python3.13/site-packages/starlette/routing.py:716: in __call__
    await self.middleware_stack(scope, receive, send)
../../.venv/lib/python3.13/site-packages/starlette/routing.py:736: in app
    await route.handle(scope, receive, send)
../../.venv/lib/python3.13/site-packages/starlette/routing.py:290: in handle
    await self.app(scope, receive, send)
../../.venv/lib/python3.13/site-packages/starlette/routing.py:78: in app
    await wrap_app_handling_exceptions(app, request)(scope, receive, send)
../../.venv/lib/python3.13/site-packages/starlette/_exception_handler.py:53: in wrapped_app
    raise exc
../../.venv/lib/python3.13/site-packages/starlette/_exception_handler.py:42: in wrapped_app
    await app(scope, receive, sender)
../../.venv/lib/python3.13/site-packages/starlette/routing.py:75: in app
    response = await f(request)
               ^^^^^^^^^^^^^^^^
../../.venv/lib/python3.13/site-packages/fastapi/routing.py:302: in app
    raw_response = await run_endpoint_function(
../../.venv/lib/python3.13/site-packages/fastapi/routing.py:213: in run_endpoint_function
    return await dependant.call(**values)
           ^^^^^^^^^^^^^^^^^^^^^^^^^^^^^^
_ _ _ _ _ _ _ _ _ _ _ _ _ _ _ _ _ _ _ _ _ _ _ _ _ _ _ _ _ _ _ _ _ _ _ _ _ _ _ _

rabbitmq_client = <Mock spec='RabbitMQClient' id='136291629283184'>
rabbitmq_rpc_client = <Mock spec='RabbitMQRPCClient' id='136291629452992'>

    @router.get("/", response_class=PlainTextResponse, response_model=None)
    async def healthcheck(
        rabbitmq_client: Annotated[RabbitMQClient, Depends(get_rabbitmq_client_from_request)],
        rabbitmq_rpc_client: Annotated[RabbitMQRPCClient, Depends(get_rabbitmq_rpc_client_from_request)],
    ) -> str:
        if not rabbitmq_client.healthy or not rabbitmq_rpc_client.healthy:
>           raise HealthCheckError(RABBITMQ_CLIENT_UNHEALTHY_MSG)
E           servicelib.fastapi.health.HealthCheckError: RabbitMQ cannot be reached!

src/simcore_service_payments/api/rest/_health.py:25: HealthCheckError
---------------------------- Captured stdout setup -----------------------------

 ____   __   _  _  _  _  ____  __ _  ____  ___
(  _ \ / _\ ( \/ )( \/ )(  __)(  ( \(_  _)/ ___)
 ) __//    \ )  / / \/ \ ) _) /    /  )(  \___ \
(__)  \_/\_/(__/  \_)(_/(____)\_)__) (__) (____/  v1.4.0

------------------------------ Captured log call -------------------------------
ERROR    servicelib.fastapi.exceptions_utils:exceptions_utils.py:36 Unhandled exception responded as name='500' detail='Server got itself in trouble'
  + Exception Group Traceback (most recent call last):
  |   File "/home/crespo/repos/osparc-simcore/.venv/lib/python3.13/site-packages/starlette/_utils.py", line 77, in collapse_excgroups
  |     yield
  |   File "/home/crespo/repos/osparc-simcore/.venv/lib/python3.13/site-packages/starlette/middleware/base.py", line 183, in __call__
  |     async with anyio.create_task_group() as task_group:
  |                ~~~~~~~~~~~~~~~~~~~~~~~^^
  |   File "/home/crespo/repos/osparc-simcore/.venv/lib/python3.13/site-packages/anyio/_backends/_asyncio.py", line 763, in __aexit__
  |     raise BaseExceptionGroup(
  |         "unhandled errors in a TaskGroup", self._exceptions
  |     )
  | ExceptionGroup: unhandled errors in a TaskGroup (1 sub-exception)
  +-+---------------- 1 ----------------
    | Traceback (most recent call last):
    |   File "/home/crespo/repos/osparc-simcore/.venv/lib/python3.13/site-packages/starlette/middleware/errors.py", line 164, in __call__
    |     await self.app(scope, receive, _send)
    |   File "/home/crespo/repos/osparc-simcore/.venv/lib/python3.13/site-packages/opentelemetry/instrumentation/fastapi/__init__.py", line 307, in __call__
    |     await self.app(scope, receive, send)
    |   File "/home/crespo/repos/osparc-simcore/.venv/lib/python3.13/site-packages/starlette/middleware/base.py", line 182, in __call__
    |     with recv_stream, send_stream, collapse_excgroups():
    |                                    ~~~~~~~~~~~~~~~~~~^^
    |   File "/home/crespo/.local/share/uv/python/cpython-3.13.9-linux-x86_64-gnu/lib/python3.13/contextlib.py", line 162, in __exit__
    |     self.gen.throw(value)
    |     ~~~~~~~~~~~~~~^^^^^^^
    |   File "/home/crespo/repos/osparc-simcore/.venv/lib/python3.13/site-packages/starlette/_utils.py", line 83, in collapse_excgroups
    |     raise exc
    |   File "/home/crespo/repos/osparc-simcore/.venv/lib/python3.13/site-packages/starlette/middleware/base.py", line 184, in __call__
    |     response = await self.dispatch_func(request, call_next)
    |                ^^^^^^^^^^^^^^^^^^^^^^^^^^^^^^^^^^^^^^^^^^^^
    |   File "/home/crespo/repos/osparc-simcore/packages/service-library/src/servicelib/fastapi/monitoring.py", line 55, in dispatch
    |     response = await call_next(request)
    |                ^^^^^^^^^^^^^^^^^^^^^^^^
    |   File "/home/crespo/repos/osparc-simcore/.venv/lib/python3.13/site-packages/starlette/middleware/base.py", line 159, in call_next
    |     raise app_exc
    |   File "/home/crespo/repos/osparc-simcore/.venv/lib/python3.13/site-packages/starlette/middleware/base.py", line 144, in coro
    |     await self.app(scope, receive_or_disconnect, send_no_error)
    |   File "/home/crespo/repos/osparc-simcore/.venv/lib/python3.13/site-packages/starlette/middleware/exceptions.py", line 63, in __call__
    |     await wrap_app_handling_exceptions(self.app, conn)(scope, receive, send)
    |   File "/home/crespo/repos/osparc-simcore/.venv/lib/python3.13/site-packages/starlette/_exception_handler.py", line 53, in wrapped_app
    |     raise exc
    |   File "/home/crespo/repos/osparc-simcore/.venv/lib/python3.13/site-packages/starlette/_exception_handler.py", line 42, in wrapped_app
    |     await app(scope, receive, sender)
    |   File "/home/crespo/repos/osparc-simcore/.venv/lib/python3.13/site-packages/starlette/routing.py", line 716, in __call__
    |     await self.middleware_stack(scope, receive, send)
    |   File "/home/crespo/repos/osparc-simcore/.venv/lib/python3.13/site-packages/starlette/routing.py", line 736, in app
    |     await route.handle(scope, receive, send)
    |   File "/home/crespo/repos/osparc-simcore/.venv/lib/python3.13/site-packages/starlette/routing.py", line 290, in handle
    |     await self.app(scope, receive, send)
    |   File "/home/crespo/repos/osparc-simcore/.venv/lib/python3.13/site-packages/starlette/routing.py", line 78, in app
    |     await wrap_app_handling_exceptions(app, request)(scope, receive, send)
    |   File "/home/crespo/repos/osparc-simcore/.venv/lib/python3.13/site-packages/starlette/_exception_handler.py", line 53, in wrapped_app
    |     raise exc
    |   File "/home/crespo/repos/osparc-simcore/.venv/lib/python3.13/site-packages/starlette/_exception_handler.py", line 42, in wrapped_app
    |     await app(scope, receive, sender)
    |   File "/home/crespo/repos/osparc-simcore/.venv/lib/python3.13/site-packages/starlette/routing.py", line 75, in app
    |     response = await f(request)
    |                ^^^^^^^^^^^^^^^^
    |   File "/home/crespo/repos/osparc-simcore/.venv/lib/python3.13/site-packages/fastapi/routing.py", line 302, in app
    |     raw_response = await run_endpoint_function(
    |                    ^^^^^^^^^^^^^^^^^^^^^^^^^^^^
    |     ...<3 lines>...
    |     )
    |     ^
    |   File "/home/crespo/repos/osparc-simcore/.venv/lib/python3.13/site-packages/fastapi/routing.py", line 213, in run_endpoint_function
    |     return await dependant.call(**values)
    |            ^^^^^^^^^^^^^^^^^^^^^^^^^^^^^^
    |   File "/home/crespo/repos/osparc-simcore/services/payments/src/simcore_service_payments/api/rest/_health.py", line 25, in healthcheck
    |     raise HealthCheckError(RABBITMQ_CLIENT_UNHEALTHY_MSG)
    | servicelib.fastapi.health.HealthCheckError: RabbitMQ cannot be reached!
    +------------------------------------

During handling of the above exception, another exception occurred:

Traceback (most recent call last):
  File "/home/crespo/repos/osparc-simcore/.venv/lib/python3.13/site-packages/starlette/middleware/errors.py", line 164, in __call__
    await self.app(scope, receive, _send)
  File "/home/crespo/repos/osparc-simcore/.venv/lib/python3.13/site-packages/opentelemetry/instrumentation/fastapi/__init__.py", line 307, in __call__
    await self.app(scope, receive, send)
  File "/home/crespo/repos/osparc-simcore/.venv/lib/python3.13/site-packages/starlette/middleware/base.py", line 182, in __call__
    with recv_stream, send_stream, collapse_excgroups():
                                   ~~~~~~~~~~~~~~~~~~^^
  File "/home/crespo/.local/share/uv/python/cpython-3.13.9-linux-x86_64-gnu/lib/python3.13/contextlib.py", line 162, in __exit__
    self.gen.throw(value)
    ~~~~~~~~~~~~~~^^^^^^^
  File "/home/crespo/repos/osparc-simcore/.venv/lib/python3.13/site-packages/starlette/_utils.py", line 83, in collapse_excgroups
    raise exc
  File "/home/crespo/repos/osparc-simcore/.venv/lib/python3.13/site-packages/starlette/middleware/base.py", line 184, in __call__
    response = await self.dispatch_func(request, call_next)
               ^^^^^^^^^^^^^^^^^^^^^^^^^^^^^^^^^^^^^^^^^^^^
  File "/home/crespo/repos/osparc-simcore/packages/service-library/src/servicelib/fastapi/monitoring.py", line 55, in dispatch
    response = await call_next(request)
               ^^^^^^^^^^^^^^^^^^^^^^^^
  File "/home/crespo/repos/osparc-simcore/.venv/lib/python3.13/site-packages/starlette/middleware/base.py", line 159, in call_next
    raise app_exc
  File "/home/crespo/repos/osparc-simcore/.venv/lib/python3.13/site-packages/starlette/middleware/base.py", line 144, in coro
    await self.app(scope, receive_or_disconnect, send_no_error)
  File "/home/crespo/repos/osparc-simcore/.venv/lib/python3.13/site-packages/starlette/middleware/exceptions.py", line 63, in __call__
    await wrap_app_handling_exceptions(self.app, conn)(scope, receive, send)
  File "/home/crespo/repos/osparc-simcore/.venv/lib/python3.13/site-packages/starlette/_exception_handler.py", line 53, in wrapped_app
    raise exc
  File "/home/crespo/repos/osparc-simcore/.venv/lib/python3.13/site-packages/starlette/_exception_handler.py", line 42, in wrapped_app
    await app(scope, receive, sender)
  File "/home/crespo/repos/osparc-simcore/.venv/lib/python3.13/site-packages/starlette/routing.py", line 716, in __call__
    await self.middleware_stack(scope, receive, send)
  File "/home/crespo/repos/osparc-simcore/.venv/lib/python3.13/site-packages/starlette/routing.py", line 736, in app
    await route.handle(scope, receive, send)
  File "/home/crespo/repos/osparc-simcore/.venv/lib/python3.13/site-packages/starlette/routing.py", line 290, in handle
    await self.app(scope, receive, send)
  File "/home/crespo/repos/osparc-simcore/.venv/lib/python3.13/site-packages/starlette/routing.py", line 78, in app
    await wrap_app_handling_exceptions(app, request)(scope, receive, send)
  File "/home/crespo/repos/osparc-simcore/.venv/lib/python3.13/site-packages/starlette/_exception_handler.py", line 53, in wrapped_app
    raise exc
  File "/home/crespo/repos/osparc-simcore/.venv/lib/python3.13/site-packages/starlette/_exception_handler.py", line 42, in wrapped_app
    await app(scope, receive, sender)
  File "/home/crespo/repos/osparc-simcore/.venv/lib/python3.13/site-packages/starlette/routing.py", line 75, in app
    response = await f(request)
               ^^^^^^^^^^^^^^^^
  File "/home/crespo/repos/osparc-simcore/.venv/lib/python3.13/site-packages/fastapi/routing.py", line 302, in app
    raw_response = await run_endpoint_function(
                   ^^^^^^^^^^^^^^^^^^^^^^^^^^^^
    ...<3 lines>...
    )
    ^
  File "/home/crespo/repos/osparc-simcore/.venv/lib/python3.13/site-packages/fastapi/routing.py", line 213, in run_endpoint_function
    return await dependant.call(**values)
           ^^^^^^^^^^^^^^^^^^^^^^^^^^^^^^
  File "/home/crespo/repos/osparc-simcore/services/payments/src/simcore_service_payments/api/rest/_health.py", line 25, in healthcheck
    raise HealthCheckError(RABBITMQ_CLIENT_UNHEALTHY_MSG)
servicelib.fastapi.health.HealthCheckError: RabbitMQ cannot be reached!
--------------------------- Captured stdout teardown ---------------------------
=====================🎉 App simcore-service-payments==1.4.0 shutdown completed 🎉=====================
_______ test_healthcheck_returns_503_when_rabbitmq_unhealthy[False-True] _______
  + Exception Group Traceback (most recent call last):
  |   File "/home/crespo/repos/osparc-simcore/.venv/lib/python3.13/site-packages/starlette/_utils.py", line 77, in collapse_excgroups
  |     yield
  |   File "/home/crespo/repos/osparc-simcore/.venv/lib/python3.13/site-packages/starlette/middleware/base.py", line 183, in __call__
  |     async with anyio.create_task_group() as task_group:
  |                ~~~~~~~~~~~~~~~~~~~~~~~^^
  |   File "/home/crespo/repos/osparc-simcore/.venv/lib/python3.13/site-packages/anyio/_backends/_asyncio.py", line 763, in __aexit__
  |     raise BaseExceptionGroup(
  |         "unhandled errors in a TaskGroup", self._exceptions
  |     )
  | ExceptionGroup: unhandled errors in a TaskGroup (1 sub-exception)
  +-+---------------- 1 ----------------
    | Traceback (most recent call last):
    |   File "/home/crespo/repos/osparc-simcore/.venv/lib/python3.13/site-packages/_pytest/runner.py", line 353, in from_call
    |     result: TResult | None = func()
    |                              ~~~~^^
    |   File "/home/crespo/repos/osparc-simcore/.venv/lib/python3.13/site-packages/_pytest/runner.py", line 245, in <lambda>
    |     lambda: runtest_hook(item=item, **kwds),
    |             ~~~~~~~~~~~~^^^^^^^^^^^^^^^^^^^
    |   File "/home/crespo/repos/osparc-simcore/.venv/lib/python3.13/site-packages/pluggy/_hooks.py", line 512, in __call__
    |     return self._hookexec(self.name, self._hookimpls.copy(), kwargs, firstresult)
    |            ~~~~~~~~~~~~~~^^^^^^^^^^^^^^^^^^^^^^^^^^^^^^^^^^^^^^^^^^^^^^^^^^^^^^^^
    |   File "/home/crespo/repos/osparc-simcore/.venv/lib/python3.13/site-packages/pluggy/_manager.py", line 120, in _hookexec
    |     return self._inner_hookexec(hook_name, methods, kwargs, firstresult)
    |            ~~~~~~~~~~~~~~~~~~~~^^^^^^^^^^^^^^^^^^^^^^^^^^^^^^^^^^^^^^^^^
    |   File "/home/crespo/repos/osparc-simcore/.venv/lib/python3.13/site-packages/pluggy/_callers.py", line 167, in _multicall
    |     raise exception
    |   File "/home/crespo/repos/osparc-simcore/.venv/lib/python3.13/site-packages/pluggy/_callers.py", line 139, in _multicall
    |     teardown.throw(exception)
    |     ~~~~~~~~~~~~~~^^^^^^^^^^^
    |   File "/home/crespo/repos/osparc-simcore/.venv/lib/python3.13/site-packages/_pytest/logging.py", line 850, in pytest_runtest_call
    |     yield
    |   File "/home/crespo/repos/osparc-simcore/.venv/lib/python3.13/site-packages/pluggy/_callers.py", line 139, in _multicall
    |     teardown.throw(exception)
    |     ~~~~~~~~~~~~~~^^^^^^^^^^^
    |   File "/home/crespo/repos/osparc-simcore/.venv/lib/python3.13/site-packages/_pytest/capture.py", line 900, in pytest_runtest_call
    |     return (yield)
    |             ^^^^^
    |   File "/home/crespo/repos/osparc-simcore/.venv/lib/python3.13/site-packages/pluggy/_callers.py", line 139, in _multicall
    |     teardown.throw(exception)
    |     ~~~~~~~~~~~~~~^^^^^^^^^^^
    |   File "/home/crespo/repos/osparc-simcore/.venv/lib/python3.13/site-packages/_pytest/skipping.py", line 268, in pytest_runtest_call
    |     return (yield)
    |             ^^^^^
    |   File "/home/crespo/repos/osparc-simcore/.venv/lib/python3.13/site-packages/pluggy/_callers.py", line 121, in _multicall
    |     res = hook_impl.function(*args)
    |   File "/home/crespo/repos/osparc-simcore/.venv/lib/python3.13/site-packages/_pytest/runner.py", line 179, in pytest_runtest_call
    |     item.runtest()
    |     ~~~~~~~~~~~~^^
    |   File "/home/crespo/repos/osparc-simcore/.venv/lib/python3.13/site-packages/pytest_asyncio/plugin.py", line 469, in runtest
    |     super().runtest()
    |     ~~~~~~~~~~~~~~~^^
    |   File "/home/crespo/repos/osparc-simcore/.venv/lib/python3.13/site-packages/_pytest/python.py", line 1720, in runtest
    |     self.ihook.pytest_pyfunc_call(pyfuncitem=self)
    |     ~~~~~~~~~~~~~~~~~~~~~~~~~~~~~^^^^^^^^^^^^^^^^^
    |   File "/home/crespo/repos/osparc-simcore/.venv/lib/python3.13/site-packages/pluggy/_hooks.py", line 512, in __call__
    |     return self._hookexec(self.name, self._hookimpls.copy(), kwargs, firstresult)
    |            ~~~~~~~~~~~~~~^^^^^^^^^^^^^^^^^^^^^^^^^^^^^^^^^^^^^^^^^^^^^^^^^^^^^^^^
    |   File "/home/crespo/repos/osparc-simcore/.venv/lib/python3.13/site-packages/pluggy/_manager.py", line 120, in _hookexec
    |     return self._inner_hookexec(hook_name, methods, kwargs, firstresult)
    |            ~~~~~~~~~~~~~~~~~~~~^^^^^^^^^^^^^^^^^^^^^^^^^^^^^^^^^^^^^^^^^
    |   File "/home/crespo/repos/osparc-simcore/.venv/lib/python3.13/site-packages/pluggy/_callers.py", line 167, in _multicall
    |     raise exception
    |   File "/home/crespo/repos/osparc-simcore/.venv/lib/python3.13/site-packages/pluggy/_callers.py", line 139, in _multicall
    |     teardown.throw(exception)
    |     ~~~~~~~~~~~~~~^^^^^^^^^^^
    |   File "/home/crespo/repos/osparc-simcore/.venv/lib/python3.13/site-packages/pluggy/_callers.py", line 53, in run_old_style_hookwrapper
    |     return result.get_result()
    |            ~~~~~~~~~~~~~~~~~^^
    |   File "/home/crespo/repos/osparc-simcore/.venv/lib/python3.13/site-packages/pluggy/_result.py", line 103, in get_result
    |     raise exc.with_traceback(tb)
    |   File "/home/crespo/repos/osparc-simcore/.venv/lib/python3.13/site-packages/pluggy/_callers.py", line 38, in run_old_style_hookwrapper
    |     res = yield
    |           ^^^^^
    |   File "/home/crespo/repos/osparc-simcore/.venv/lib/python3.13/site-packages/pluggy/_callers.py", line 121, in _multicall
    |     res = hook_impl.function(*args)
    |   File "/home/crespo/repos/osparc-simcore/.venv/lib/python3.13/site-packages/_pytest/python.py", line 166, in pytest_pyfunc_call
    |     result = testfunction(**testargs)
    |   File "/home/crespo/repos/osparc-simcore/.venv/lib/python3.13/site-packages/pytest_asyncio/plugin.py", line 716, in inner
    |     runner.run(coro, context=context)
    |     ~~~~~~~~~~^^^^^^^^^^^^^^^^^^^^^^^
    |   File "/home/crespo/.local/share/uv/python/cpython-3.13.9-linux-x86_64-gnu/lib/python3.13/asyncio/runners.py", line 118, in run
    |     return self._loop.run_until_complete(task)
    |            ~~~~~~~~~~~~~~~~~~~~~~~~~~~~~^^^^^^
    |   File "/home/crespo/.local/share/uv/python/cpython-3.13.9-linux-x86_64-gnu/lib/python3.13/asyncio/base_events.py", line 725, in run_until_complete
    |     return future.result()
    |            ~~~~~~~~~~~~~^^
    |   File "/home/crespo/repos/osparc-simcore/services/payments/tests/unit/api/test_rest_health.py", line 66, in test_healthcheck_returns_503_when_rabbitmq_unhealthy
    |     response = await client.get("/")
    |                ^^^^^^^^^^^^^^^^^^^^^
    |   File "/home/crespo/repos/osparc-simcore/.venv/lib/python3.13/site-packages/httpx/_client.py", line 1768, in get
    |     return await self.request(
    |            ^^^^^^^^^^^^^^^^^^^
    |     ...<9 lines>...
    |     )
    |     ^
    |   File "/home/crespo/repos/osparc-simcore/.venv/lib/python3.13/site-packages/httpx/_client.py", line 1540, in request
    |     return await self.send(request, auth=auth, follow_redirects=follow_redirects)
    |            ^^^^^^^^^^^^^^^^^^^^^^^^^^^^^^^^^^^^^^^^^^^^^^^^^^^^^^^^^^^^^^^^^^^^^^
    |   File "/home/crespo/repos/osparc-simcore/.venv/lib/python3.13/site-packages/httpx/_client.py", line 1629, in send
    |     response = await self._send_handling_auth(
    |                ^^^^^^^^^^^^^^^^^^^^^^^^^^^^^^^
    |     ...<4 lines>...
    |     )
    |     ^
    |   File "/home/crespo/repos/osparc-simcore/.venv/lib/python3.13/site-packages/httpx/_client.py", line 1657, in _send_handling_auth
    |     response = await self._send_handling_redirects(
    |                ^^^^^^^^^^^^^^^^^^^^^^^^^^^^^^^^^^^^
    |     ...<3 lines>...
    |     )
    |     ^
    |   File "/home/crespo/repos/osparc-simcore/.venv/lib/python3.13/site-packages/httpx/_client.py", line 1694, in _send_handling_redirects
    |     response = await self._send_single_request(request)
    |                ^^^^^^^^^^^^^^^^^^^^^^^^^^^^^^^^^^^^^^^^
    |   File "/home/crespo/repos/osparc-simcore/.venv/lib/python3.13/site-packages/httpx/_client.py", line 1730, in _send_single_request
    |     response = await transport.handle_async_request(request)
    |                ^^^^^^^^^^^^^^^^^^^^^^^^^^^^^^^^^^^^^^^^^^^^^
    |   File "/home/crespo/repos/osparc-simcore/.venv/lib/python3.13/site-packages/httpx/_transports/asgi.py", line 170, in handle_async_request
    |     await self.app(scope, receive, send)
    |   File "/home/crespo/repos/osparc-simcore/.venv/lib/python3.13/site-packages/fastapi/applications.py", line 1054, in __call__
    |     await super().__call__(scope, receive, send)
    |   File "/home/crespo/repos/osparc-simcore/.venv/lib/python3.13/site-packages/starlette/applications.py", line 113, in __call__
    |     await self.middleware_stack(scope, receive, send)
    |   File "/home/crespo/repos/osparc-simcore/.venv/lib/python3.13/site-packages/starlette/middleware/errors.py", line 186, in __call__
    |     raise exc
    |   File "/home/crespo/repos/osparc-simcore/.venv/lib/python3.13/site-packages/starlette/middleware/errors.py", line 164, in __call__
    |     await self.app(scope, receive, _send)
    |   File "/home/crespo/repos/osparc-simcore/.venv/lib/python3.13/site-packages/opentelemetry/instrumentation/asgi/__init__.py", line 811, in __call__
    |     await self.app(scope, otel_receive, otel_send)
    |   File "/home/crespo/repos/osparc-simcore/.venv/lib/python3.13/site-packages/starlette/middleware/errors.py", line 186, in __call__
    |     raise exc
    |   File "/home/crespo/repos/osparc-simcore/.venv/lib/python3.13/site-packages/starlette/middleware/errors.py", line 164, in __call__
    |     await self.app(scope, receive, _send)
    |   File "/home/crespo/repos/osparc-simcore/.venv/lib/python3.13/site-packages/opentelemetry/instrumentation/fastapi/__init__.py", line 307, in __call__
    |     await self.app(scope, receive, send)
    |   File "/home/crespo/repos/osparc-simcore/.venv/lib/python3.13/site-packages/starlette/middleware/base.py", line 182, in __call__
    |     with recv_stream, send_stream, collapse_excgroups():
    |                                    ~~~~~~~~~~~~~~~~~~^^
    |   File "/home/crespo/.local/share/uv/python/cpython-3.13.9-linux-x86_64-gnu/lib/python3.13/contextlib.py", line 162, in __exit__
    |     self.gen.throw(value)
    |     ~~~~~~~~~~~~~~^^^^^^^
    |   File "/home/crespo/repos/osparc-simcore/.venv/lib/python3.13/site-packages/starlette/_utils.py", line 83, in collapse_excgroups
    |     raise exc
    |   File "/home/crespo/repos/osparc-simcore/.venv/lib/python3.13/site-packages/starlette/middleware/base.py", line 184, in __call__
    |     response = await self.dispatch_func(request, call_next)
    |                ^^^^^^^^^^^^^^^^^^^^^^^^^^^^^^^^^^^^^^^^^^^^
    |   File "/home/crespo/repos/osparc-simcore/packages/service-library/src/servicelib/fastapi/monitoring.py", line 55, in dispatch
    |     response = await call_next(request)
    |                ^^^^^^^^^^^^^^^^^^^^^^^^
    |   File "/home/crespo/repos/osparc-simcore/.venv/lib/python3.13/site-packages/starlette/middleware/base.py", line 159, in call_next
    |     raise app_exc
    |   File "/home/crespo/repos/osparc-simcore/.venv/lib/python3.13/site-packages/starlette/middleware/base.py", line 144, in coro
    |     await self.app(scope, receive_or_disconnect, send_no_error)
    |   File "/home/crespo/repos/osparc-simcore/.venv/lib/python3.13/site-packages/starlette/middleware/exceptions.py", line 63, in __call__
    |     await wrap_app_handling_exceptions(self.app, conn)(scope, receive, send)
    |   File "/home/crespo/repos/osparc-simcore/.venv/lib/python3.13/site-packages/starlette/_exception_handler.py", line 53, in wrapped_app
    |     raise exc
    |   File "/home/crespo/repos/osparc-simcore/.venv/lib/python3.13/site-packages/starlette/_exception_handler.py", line 42, in wrapped_app
    |     await app(scope, receive, sender)
    |   File "/home/crespo/repos/osparc-simcore/.venv/lib/python3.13/site-packages/starlette/routing.py", line 716, in __call__
    |     await self.middleware_stack(scope, receive, send)
    |   File "/home/crespo/repos/osparc-simcore/.venv/lib/python3.13/site-packages/starlette/routing.py", line 736, in app
    |     await route.handle(scope, receive, send)
    |   File "/home/crespo/repos/osparc-simcore/.venv/lib/python3.13/site-packages/starlette/routing.py", line 290, in handle
    |     await self.app(scope, receive, send)
    |   File "/home/crespo/repos/osparc-simcore/.venv/lib/python3.13/site-packages/starlette/routing.py", line 78, in app
    |     await wrap_app_handling_exceptions(app, request)(scope, receive, send)
    |   File "/home/crespo/repos/osparc-simcore/.venv/lib/python3.13/site-packages/starlette/_exception_handler.py", line 53, in wrapped_app
    |     raise exc
    |   File "/home/crespo/repos/osparc-simcore/.venv/lib/python3.13/site-packages/starlette/_exception_handler.py", line 42, in wrapped_app
    |     await app(scope, receive, sender)
    |   File "/home/crespo/repos/osparc-simcore/.venv/lib/python3.13/site-packages/starlette/routing.py", line 75, in app
    |     response = await f(request)
    |                ^^^^^^^^^^^^^^^^
    |   File "/home/crespo/repos/osparc-simcore/.venv/lib/python3.13/site-packages/fastapi/routing.py", line 302, in app
    |     raw_response = await run_endpoint_function(
    |                    ^^^^^^^^^^^^^^^^^^^^^^^^^^^^
    |     ...<3 lines>...
    |     )
    |     ^
    |   File "/home/crespo/repos/osparc-simcore/.venv/lib/python3.13/site-packages/fastapi/routing.py", line 213, in run_endpoint_function
    |     return await dependant.call(**values)
    |            ^^^^^^^^^^^^^^^^^^^^^^^^^^^^^^
    |   File "/home/crespo/repos/osparc-simcore/services/payments/src/simcore_service_payments/api/rest/_health.py", line 25, in healthcheck
    |     raise HealthCheckError(RABBITMQ_CLIENT_UNHEALTHY_MSG)
    | servicelib.fastapi.health.HealthCheckError: RabbitMQ cannot be reached!
    +------------------------------------

During handling of the above exception, another exception occurred:

Traceback (most recent call last):
  File "/home/crespo/repos/osparc-simcore/services/payments/tests/unit/api/test_rest_health.py", line 66, in test_healthcheck_returns_503_when_rabbitmq_unhealthy
    response = await client.get("/")
               ^^^^^^^^^^^^^^^^^^^^^
  File "/home/crespo/repos/osparc-simcore/.venv/lib/python3.13/site-packages/httpx/_client.py", line 1768, in get
    return await self.request(
           ^^^^^^^^^^^^^^^^^^^
    ...<9 lines>...
    )
    ^
  File "/home/crespo/repos/osparc-simcore/.venv/lib/python3.13/site-packages/httpx/_client.py", line 1540, in request
    return await self.send(request, auth=auth, follow_redirects=follow_redirects)
           ^^^^^^^^^^^^^^^^^^^^^^^^^^^^^^^^^^^^^^^^^^^^^^^^^^^^^^^^^^^^^^^^^^^^^^
  File "/home/crespo/repos/osparc-simcore/.venv/lib/python3.13/site-packages/httpx/_client.py", line 1629, in send
    response = await self._send_handling_auth(
               ^^^^^^^^^^^^^^^^^^^^^^^^^^^^^^^
    ...<4 lines>...
    )
    ^
  File "/home/crespo/repos/osparc-simcore/.venv/lib/python3.13/site-packages/httpx/_client.py", line 1657, in _send_handling_auth
    response = await self._send_handling_redirects(
               ^^^^^^^^^^^^^^^^^^^^^^^^^^^^^^^^^^^^
    ...<3 lines>...
    )
    ^
  File "/home/crespo/repos/osparc-simcore/.venv/lib/python3.13/site-packages/httpx/_client.py", line 1694, in _send_handling_redirects
    response = await self._send_single_request(request)
               ^^^^^^^^^^^^^^^^^^^^^^^^^^^^^^^^^^^^^^^^
  File "/home/crespo/repos/osparc-simcore/.venv/lib/python3.13/site-packages/httpx/_client.py", line 1730, in _send_single_request
    response = await transport.handle_async_request(request)
               ^^^^^^^^^^^^^^^^^^^^^^^^^^^^^^^^^^^^^^^^^^^^^
  File "/home/crespo/repos/osparc-simcore/.venv/lib/python3.13/site-packages/httpx/_transports/asgi.py", line 170, in handle_async_request
    await self.app(scope, receive, send)
  File "/home/crespo/repos/osparc-simcore/.venv/lib/python3.13/site-packages/fastapi/applications.py", line 1054, in __call__
    await super().__call__(scope, receive, send)
  File "/home/crespo/repos/osparc-simcore/.venv/lib/python3.13/site-packages/starlette/applications.py", line 113, in __call__
    await self.middleware_stack(scope, receive, send)
  File "/home/crespo/repos/osparc-simcore/.venv/lib/python3.13/site-packages/starlette/middleware/errors.py", line 186, in __call__
    raise exc
  File "/home/crespo/repos/osparc-simcore/.venv/lib/python3.13/site-packages/starlette/middleware/errors.py", line 164, in __call__
    await self.app(scope, receive, _send)
  File "/home/crespo/repos/osparc-simcore/.venv/lib/python3.13/site-packages/opentelemetry/instrumentation/asgi/__init__.py", line 811, in __call__
    await self.app(scope, otel_receive, otel_send)
  File "/home/crespo/repos/osparc-simcore/.venv/lib/python3.13/site-packages/starlette/middleware/errors.py", line 186, in __call__
    raise exc
  File "/home/crespo/repos/osparc-simcore/.venv/lib/python3.13/site-packages/starlette/middleware/errors.py", line 164, in __call__
    await self.app(scope, receive, _send)
  File "/home/crespo/repos/osparc-simcore/.venv/lib/python3.13/site-packages/opentelemetry/instrumentation/fastapi/__init__.py", line 307, in __call__
    await self.app(scope, receive, send)
  File "/home/crespo/repos/osparc-simcore/.venv/lib/python3.13/site-packages/starlette/middleware/base.py", line 182, in __call__
    with recv_stream, send_stream, collapse_excgroups():
                                   ~~~~~~~~~~~~~~~~~~^^
  File "/home/crespo/.local/share/uv/python/cpython-3.13.9-linux-x86_64-gnu/lib/python3.13/contextlib.py", line 162, in __exit__
    self.gen.throw(value)
    ~~~~~~~~~~~~~~^^^^^^^
  File "/home/crespo/repos/osparc-simcore/.venv/lib/python3.13/site-packages/starlette/_utils.py", line 83, in collapse_excgroups
    raise exc
  File "/home/crespo/repos/osparc-simcore/.venv/lib/python3.13/site-packages/starlette/middleware/base.py", line 184, in __call__
    response = await self.dispatch_func(request, call_next)
               ^^^^^^^^^^^^^^^^^^^^^^^^^^^^^^^^^^^^^^^^^^^^
  File "/home/crespo/repos/osparc-simcore/packages/service-library/src/servicelib/fastapi/monitoring.py", line 55, in dispatch
    response = await call_next(request)
               ^^^^^^^^^^^^^^^^^^^^^^^^
  File "/home/crespo/repos/osparc-simcore/.venv/lib/python3.13/site-packages/starlette/middleware/base.py", line 159, in call_next
    raise app_exc
  File "/home/crespo/repos/osparc-simcore/.venv/lib/python3.13/site-packages/starlette/middleware/base.py", line 144, in coro
    await self.app(scope, receive_or_disconnect, send_no_error)
  File "/home/crespo/repos/osparc-simcore/.venv/lib/python3.13/site-packages/starlette/middleware/exceptions.py", line 63, in __call__
    await wrap_app_handling_exceptions(self.app, conn)(scope, receive, send)
  File "/home/crespo/repos/osparc-simcore/.venv/lib/python3.13/site-packages/starlette/_exception_handler.py", line 53, in wrapped_app
    raise exc
  File "/home/crespo/repos/osparc-simcore/.venv/lib/python3.13/site-packages/starlette/_exception_handler.py", line 42, in wrapped_app
    await app(scope, receive, sender)
  File "/home/crespo/repos/osparc-simcore/.venv/lib/python3.13/site-packages/starlette/routing.py", line 716, in __call__
    await self.middleware_stack(scope, receive, send)
  File "/home/crespo/repos/osparc-simcore/.venv/lib/python3.13/site-packages/starlette/routing.py", line 736, in app
    await route.handle(scope, receive, send)
  File "/home/crespo/repos/osparc-simcore/.venv/lib/python3.13/site-packages/starlette/routing.py", line 290, in handle
    await self.app(scope, receive, send)
  File "/home/crespo/repos/osparc-simcore/.venv/lib/python3.13/site-packages/starlette/routing.py", line 78, in app
    await wrap_app_handling_exceptions(app, request)(scope, receive, send)
  File "/home/crespo/repos/osparc-simcore/.venv/lib/python3.13/site-packages/starlette/_exception_handler.py", line 53, in wrapped_app
    raise exc
  File "/home/crespo/repos/osparc-simcore/.venv/lib/python3.13/site-packages/starlette/_exception_handler.py", line 42, in wrapped_app
    await app(scope, receive, sender)
  File "/home/crespo/repos/osparc-simcore/.venv/lib/python3.13/site-packages/starlette/routing.py", line 75, in app
    response = await f(request)
               ^^^^^^^^^^^^^^^^
  File "/home/crespo/repos/osparc-simcore/.venv/lib/python3.13/site-packages/fastapi/routing.py", line 302, in app
    raw_response = await run_endpoint_function(
                   ^^^^^^^^^^^^^^^^^^^^^^^^^^^^
    ...<3 lines>...
    )
    ^
  File "/home/crespo/repos/osparc-simcore/.venv/lib/python3.13/site-packages/fastapi/routing.py", line 213, in run_endpoint_function
    return await dependant.call(**values)
           ^^^^^^^^^^^^^^^^^^^^^^^^^^^^^^
  File "/home/crespo/repos/osparc-simcore/services/payments/src/simcore_service_payments/api/rest/_health.py", line 25, in healthcheck
    raise HealthCheckError(RABBITMQ_CLIENT_UNHEALTHY_MSG)
servicelib.fastapi.health.HealthCheckError: RabbitMQ cannot be reached!

During handling of the above exception, another exception occurred:

with_disabled_rabbitmq_and_rpc = None, with_disabled_postgres = None
client = <httpx.AsyncClient object at 0x7bf4dcfc4e60>
mocker = <pytest_mock.plugin.MockerFixture object at 0x7bf4de296710>
client_healthy = False, rpc_client_healthy = True

    @pytest.mark.parametrize(
        "client_healthy, rpc_client_healthy",
        [(False, False), (False, True), (True, False)],
    )
    async def test_healthcheck_returns_503_when_rabbitmq_unhealthy(
        with_disabled_rabbitmq_and_rpc: None,
        with_disabled_postgres: None,
        client: httpx.AsyncClient,
        mocker: MockerFixture,
        client_healthy: bool,
        rpc_client_healthy: bool,
    ):
        """When the RabbitMQ client is unhealthy (e.g. AWS MQ maintenance), the
        healthcheck endpoint must return HTTP 503 (not raise an exception that
        produces a noisy 500 + traceback in the logs)."""
        _mock_rabbitmq_clients(mocker, client_healthy=client_healthy, rpc_client_healthy=rpc_client_healthy)

>       response = await client.get("/")
                   ^^^^^^^^^^^^^^^^^^^^^

tests/unit/api/test_rest_health.py:66:
_ _ _ _ _ _ _ _ _ _ _ _ _ _ _ _ _ _ _ _ _ _ _ _ _ _ _ _ _ _ _ _ _ _ _ _ _ _ _ _
../../.venv/lib/python3.13/site-packages/httpx/_client.py:1768: in get
    return await self.request(
../../.venv/lib/python3.13/site-packages/httpx/_client.py:1540: in request
    return await self.send(request, auth=auth, follow_redirects=follow_redirects)
           ^^^^^^^^^^^^^^^^^^^^^^^^^^^^^^^^^^^^^^^^^^^^^^^^^^^^^^^^^^^^^^^^^^^^^^
../../.venv/lib/python3.13/site-packages/httpx/_client.py:1629: in send
    response = await self._send_handling_auth(
../../.venv/lib/python3.13/site-packages/httpx/_client.py:1657: in _send_handling_auth
    response = await self._send_handling_redirects(
../../.venv/lib/python3.13/site-packages/httpx/_client.py:1694: in _send_handling_redirects
    response = await self._send_single_request(request)
               ^^^^^^^^^^^^^^^^^^^^^^^^^^^^^^^^^^^^^^^^
../../.venv/lib/python3.13/site-packages/httpx/_client.py:1730: in _send_single_request
    response = await transport.handle_async_request(request)
               ^^^^^^^^^^^^^^^^^^^^^^^^^^^^^^^^^^^^^^^^^^^^^
../../.venv/lib/python3.13/site-packages/httpx/_transports/asgi.py:170: in handle_async_request
    await self.app(scope, receive, send)
../../.venv/lib/python3.13/site-packages/fastapi/applications.py:1054: in __call__
    await super().__call__(scope, receive, send)
../../.venv/lib/python3.13/site-packages/starlette/applications.py:113: in __call__
    await self.middleware_stack(scope, receive, send)
../../.venv/lib/python3.13/site-packages/starlette/middleware/errors.py:186: in __call__
    raise exc
../../.venv/lib/python3.13/site-packages/starlette/middleware/errors.py:164: in __call__
    await self.app(scope, receive, _send)
../../.venv/lib/python3.13/site-packages/opentelemetry/instrumentation/asgi/__init__.py:811: in __call__
    await self.app(scope, otel_receive, otel_send)
../../.venv/lib/python3.13/site-packages/starlette/middleware/errors.py:186: in __call__
    raise exc
../../.venv/lib/python3.13/site-packages/starlette/middleware/errors.py:164: in __call__
    await self.app(scope, receive, _send)
../../.venv/lib/python3.13/site-packages/opentelemetry/instrumentation/fastapi/__init__.py:307: in __call__
    await self.app(scope, receive, send)
../../.venv/lib/python3.13/site-packages/starlette/middleware/base.py:182: in __call__
    with recv_stream, send_stream, collapse_excgroups():
                                   ^^^^^^^^^^^^^^^^^^^^
../../../../.local/share/uv/python/cpython-3.13.9-linux-x86_64-gnu/lib/python3.13/contextlib.py:162: in __exit__
    self.gen.throw(value)
../../.venv/lib/python3.13/site-packages/starlette/_utils.py:83: in collapse_excgroups
    raise exc
../../.venv/lib/python3.13/site-packages/starlette/middleware/base.py:184: in __call__
    response = await self.dispatch_func(request, call_next)
               ^^^^^^^^^^^^^^^^^^^^^^^^^^^^^^^^^^^^^^^^^^^^
../../packages/service-library/src/servicelib/fastapi/monitoring.py:55: in dispatch
    response = await call_next(request)
               ^^^^^^^^^^^^^^^^^^^^^^^^
../../.venv/lib/python3.13/site-packages/starlette/middleware/base.py:159: in call_next
    raise app_exc
../../.venv/lib/python3.13/site-packages/starlette/middleware/base.py:144: in coro
    await self.app(scope, receive_or_disconnect, send_no_error)
../../.venv/lib/python3.13/site-packages/starlette/middleware/exceptions.py:63: in __call__
    await wrap_app_handling_exceptions(self.app, conn)(scope, receive, send)
../../.venv/lib/python3.13/site-packages/starlette/_exception_handler.py:53: in wrapped_app
    raise exc
../../.venv/lib/python3.13/site-packages/starlette/_exception_handler.py:42: in wrapped_app
    await app(scope, receive, sender)
../../.venv/lib/python3.13/site-packages/starlette/routing.py:716: in __call__
    await self.middleware_stack(scope, receive, send)
../../.venv/lib/python3.13/site-packages/starlette/routing.py:736: in app
    await route.handle(scope, receive, send)
../../.venv/lib/python3.13/site-packages/starlette/routing.py:290: in handle
    await self.app(scope, receive, send)
../../.venv/lib/python3.13/site-packages/starlette/routing.py:78: in app
    await wrap_app_handling_exceptions(app, request)(scope, receive, send)
../../.venv/lib/python3.13/site-packages/starlette/_exception_handler.py:53: in wrapped_app
    raise exc
../../.venv/lib/python3.13/site-packages/starlette/_exception_handler.py:42: in wrapped_app
    await app(scope, receive, sender)
../../.venv/lib/python3.13/site-packages/starlette/routing.py:75: in app
    response = await f(request)
               ^^^^^^^^^^^^^^^^
../../.venv/lib/python3.13/site-packages/fastapi/routing.py:302: in app
    raw_response = await run_endpoint_function(
../../.venv/lib/python3.13/site-packages/fastapi/routing.py:213: in run_endpoint_function
    return await dependant.call(**values)
           ^^^^^^^^^^^^^^^^^^^^^^^^^^^^^^
_ _ _ _ _ _ _ _ _ _ _ _ _ _ _ _ _ _ _ _ _ _ _ _ _ _ _ _ _ _ _ _ _ _ _ _ _ _ _ _

rabbitmq_client = <Mock spec='RabbitMQClient' id='136291629269408'>
rabbitmq_rpc_client = <Mock spec='RabbitMQRPCClient' id='136291631573248'>

    @router.get("/", response_class=PlainTextResponse, response_model=None)
    async def healthcheck(
        rabbitmq_client: Annotated[RabbitMQClient, Depends(get_rabbitmq_client_from_request)],
        rabbitmq_rpc_client: Annotated[RabbitMQRPCClient, Depends(get_rabbitmq_rpc_client_from_request)],
    ) -> str:
        if not rabbitmq_client.healthy or not rabbitmq_rpc_client.healthy:
>           raise HealthCheckError(RABBITMQ_CLIENT_UNHEALTHY_MSG)
E           servicelib.fastapi.health.HealthCheckError: RabbitMQ cannot be reached!

src/simcore_service_payments/api/rest/_health.py:25: HealthCheckError
---------------------------- Captured stdout setup -----------------------------

 ____   __   _  _  _  _  ____  __ _  ____  ___
(  _ \ / _\ ( \/ )( \/ )(  __)(  ( \(_  _)/ ___)
 ) __//    \ )  / / \/ \ ) _) /    /  )(  \___ \
(__)  \_/\_/(__/  \_)(_/(____)\_)__) (__) (____/  v1.4.0

------------------------------ Captured log call -------------------------------
ERROR    servicelib.fastapi.exceptions_utils:exceptions_utils.py:36 Unhandled exception responded as name='500' detail='Server got itself in trouble'
  + Exception Group Traceback (most recent call last):
  |   File "/home/crespo/repos/osparc-simcore/.venv/lib/python3.13/site-packages/starlette/_utils.py", line 77, in collapse_excgroups
  |     yield
  |   File "/home/crespo/repos/osparc-simcore/.venv/lib/python3.13/site-packages/starlette/middleware/base.py", line 183, in __call__
  |     async with anyio.create_task_group() as task_group:
  |                ~~~~~~~~~~~~~~~~~~~~~~~^^
  |   File "/home/crespo/repos/osparc-simcore/.venv/lib/python3.13/site-packages/anyio/_backends/_asyncio.py", line 763, in __aexit__
  |     raise BaseExceptionGroup(
  |         "unhandled errors in a TaskGroup", self._exceptions
  |     )
  | ExceptionGroup: unhandled errors in a TaskGroup (1 sub-exception)
  +-+---------------- 1 ----------------
    | Traceback (most recent call last):
    |   File "/home/crespo/repos/osparc-simcore/.venv/lib/python3.13/site-packages/starlette/middleware/errors.py", line 164, in __call__
    |     await self.app(scope, receive, _send)
    |   File "/home/crespo/repos/osparc-simcore/.venv/lib/python3.13/site-packages/opentelemetry/instrumentation/fastapi/__init__.py", line 307, in __call__
    |     await self.app(scope, receive, send)
    |   File "/home/crespo/repos/osparc-simcore/.venv/lib/python3.13/site-packages/starlette/middleware/base.py", line 182, in __call__
    |     with recv_stream, send_stream, collapse_excgroups():
    |                                    ~~~~~~~~~~~~~~~~~~^^
    |   File "/home/crespo/.local/share/uv/python/cpython-3.13.9-linux-x86_64-gnu/lib/python3.13/contextlib.py", line 162, in __exit__
    |     self.gen.throw(value)
    |     ~~~~~~~~~~~~~~^^^^^^^
    |   File "/home/crespo/repos/osparc-simcore/.venv/lib/python3.13/site-packages/starlette/_utils.py", line 83, in collapse_excgroups
    |     raise exc
    |   File "/home/crespo/repos/osparc-simcore/.venv/lib/python3.13/site-packages/starlette/middleware/base.py", line 184, in __call__
    |     response = await self.dispatch_func(request, call_next)
    |                ^^^^^^^^^^^^^^^^^^^^^^^^^^^^^^^^^^^^^^^^^^^^
    |   File "/home/crespo/repos/osparc-simcore/packages/service-library/src/servicelib/fastapi/monitoring.py", line 55, in dispatch
    |     response = await call_next(request)
    |                ^^^^^^^^^^^^^^^^^^^^^^^^
    |   File "/home/crespo/repos/osparc-simcore/.venv/lib/python3.13/site-packages/starlette/middleware/base.py", line 159, in call_next
    |     raise app_exc
    |   File "/home/crespo/repos/osparc-simcore/.venv/lib/python3.13/site-packages/starlette/middleware/base.py", line 144, in coro
    |     await self.app(scope, receive_or_disconnect, send_no_error)
    |   File "/home/crespo/repos/osparc-simcore/.venv/lib/python3.13/site-packages/starlette/middleware/exceptions.py", line 63, in __call__
    |     await wrap_app_handling_exceptions(self.app, conn)(scope, receive, send)
    |   File "/home/crespo/repos/osparc-simcore/.venv/lib/python3.13/site-packages/starlette/_exception_handler.py", line 53, in wrapped_app
    |     raise exc
    |   File "/home/crespo/repos/osparc-simcore/.venv/lib/python3.13/site-packages/starlette/_exception_handler.py", line 42, in wrapped_app
    |     await app(scope, receive, sender)
    |   File "/home/crespo/repos/osparc-simcore/.venv/lib/python3.13/site-packages/starlette/routing.py", line 716, in __call__
    |     await self.middleware_stack(scope, receive, send)
    |   File "/home/crespo/repos/osparc-simcore/.venv/lib/python3.13/site-packages/starlette/routing.py", line 736, in app
    |     await route.handle(scope, receive, send)
    |   File "/home/crespo/repos/osparc-simcore/.venv/lib/python3.13/site-packages/starlette/routing.py", line 290, in handle
    |     await self.app(scope, receive, send)
    |   File "/home/crespo/repos/osparc-simcore/.venv/lib/python3.13/site-packages/starlette/routing.py", line 78, in app
    |     await wrap_app_handling_exceptions(app, request)(scope, receive, send)
    |   File "/home/crespo/repos/osparc-simcore/.venv/lib/python3.13/site-packages/starlette/_exception_handler.py", line 53, in wrapped_app
    |     raise exc
    |   File "/home/crespo/repos/osparc-simcore/.venv/lib/python3.13/site-packages/starlette/_exception_handler.py", line 42, in wrapped_app
    |     await app(scope, receive, sender)
    |   File "/home/crespo/repos/osparc-simcore/.venv/lib/python3.13/site-packages/starlette/routing.py", line 75, in app
    |     response = await f(request)
    |                ^^^^^^^^^^^^^^^^
    |   File "/home/crespo/repos/osparc-simcore/.venv/lib/python3.13/site-packages/fastapi/routing.py", line 302, in app
    |     raw_response = await run_endpoint_function(
    |                    ^^^^^^^^^^^^^^^^^^^^^^^^^^^^
    |     ...<3 lines>...
    |     )
    |     ^
    |   File "/home/crespo/repos/osparc-simcore/.venv/lib/python3.13/site-packages/fastapi/routing.py", line 213, in run_endpoint_function
    |     return await dependant.call(**values)
    |            ^^^^^^^^^^^^^^^^^^^^^^^^^^^^^^
    |   File "/home/crespo/repos/osparc-simcore/services/payments/src/simcore_service_payments/api/rest/_health.py", line 25, in healthcheck
    |     raise HealthCheckError(RABBITMQ_CLIENT_UNHEALTHY_MSG)
    | servicelib.fastapi.health.HealthCheckError: RabbitMQ cannot be reached!
    +------------------------------------

During handling of the above exception, another exception occurred:

Traceback (most recent call last):
  File "/home/crespo/repos/osparc-simcore/.venv/lib/python3.13/site-packages/starlette/middleware/errors.py", line 164, in __call__
    await self.app(scope, receive, _send)
  File "/home/crespo/repos/osparc-simcore/.venv/lib/python3.13/site-packages/opentelemetry/instrumentation/fastapi/__init__.py", line 307, in __call__
    await self.app(scope, receive, send)
  File "/home/crespo/repos/osparc-simcore/.venv/lib/python3.13/site-packages/starlette/middleware/base.py", line 182, in __call__
    with recv_stream, send_stream, collapse_excgroups():
                                   ~~~~~~~~~~~~~~~~~~^^
  File "/home/crespo/.local/share/uv/python/cpython-3.13.9-linux-x86_64-gnu/lib/python3.13/contextlib.py", line 162, in __exit__
    self.gen.throw(value)
    ~~~~~~~~~~~~~~^^^^^^^
  File "/home/crespo/repos/osparc-simcore/.venv/lib/python3.13/site-packages/starlette/_utils.py", line 83, in collapse_excgroups
    raise exc
  File "/home/crespo/repos/osparc-simcore/.venv/lib/python3.13/site-packages/starlette/middleware/base.py", line 184, in __call__
    response = await self.dispatch_func(request, call_next)
               ^^^^^^^^^^^^^^^^^^^^^^^^^^^^^^^^^^^^^^^^^^^^
  File "/home/crespo/repos/osparc-simcore/packages/service-library/src/servicelib/fastapi/monitoring.py", line 55, in dispatch
    response = await call_next(request)
               ^^^^^^^^^^^^^^^^^^^^^^^^
  File "/home/crespo/repos/osparc-simcore/.venv/lib/python3.13/site-packages/starlette/middleware/base.py", line 159, in call_next
    raise app_exc
  File "/home/crespo/repos/osparc-simcore/.venv/lib/python3.13/site-packages/starlette/middleware/base.py", line 144, in coro
    await self.app(scope, receive_or_disconnect, send_no_error)
  File "/home/crespo/repos/osparc-simcore/.venv/lib/python3.13/site-packages/starlette/middleware/exceptions.py", line 63, in __call__
    await wrap_app_handling_exceptions(self.app, conn)(scope, receive, send)
  File "/home/crespo/repos/osparc-simcore/.venv/lib/python3.13/site-packages/starlette/_exception_handler.py", line 53, in wrapped_app
    raise exc
  File "/home/crespo/repos/osparc-simcore/.venv/lib/python3.13/site-packages/starlette/_exception_handler.py", line 42, in wrapped_app
    await app(scope, receive, sender)
  File "/home/crespo/repos/osparc-simcore/.venv/lib/python3.13/site-packages/starlette/routing.py", line 716, in __call__
    await self.middleware_stack(scope, receive, send)
  File "/home/crespo/repos/osparc-simcore/.venv/lib/python3.13/site-packages/starlette/routing.py", line 736, in app
    await route.handle(scope, receive, send)
  File "/home/crespo/repos/osparc-simcore/.venv/lib/python3.13/site-packages/starlette/routing.py", line 290, in handle
    await self.app(scope, receive, send)
  File "/home/crespo/repos/osparc-simcore/.venv/lib/python3.13/site-packages/starlette/routing.py", line 78, in app
    await wrap_app_handling_exceptions(app, request)(scope, receive, send)
  File "/home/crespo/repos/osparc-simcore/.venv/lib/python3.13/site-packages/starlette/_exception_handler.py", line 53, in wrapped_app
    raise exc
  File "/home/crespo/repos/osparc-simcore/.venv/lib/python3.13/site-packages/starlette/_exception_handler.py", line 42, in wrapped_app
    await app(scope, receive, sender)
  File "/home/crespo/repos/osparc-simcore/.venv/lib/python3.13/site-packages/starlette/routing.py", line 75, in app
    response = await f(request)
               ^^^^^^^^^^^^^^^^
  File "/home/crespo/repos/osparc-simcore/.venv/lib/python3.13/site-packages/fastapi/routing.py", line 302, in app
    raw_response = await run_endpoint_function(
                   ^^^^^^^^^^^^^^^^^^^^^^^^^^^^
    ...<3 lines>...
    )
    ^
  File "/home/crespo/repos/osparc-simcore/.venv/lib/python3.13/site-packages/fastapi/routing.py", line 213, in run_endpoint_function
    return await dependant.call(**values)
           ^^^^^^^^^^^^^^^^^^^^^^^^^^^^^^
  File "/home/crespo/repos/osparc-simcore/services/payments/src/simcore_service_payments/api/rest/_health.py", line 25, in healthcheck
    raise HealthCheckError(RABBITMQ_CLIENT_UNHEALTHY_MSG)
servicelib.fastapi.health.HealthCheckError: RabbitMQ cannot be reached!
--------------------------- Captured stdout teardown ---------------------------
=====================🎉 App simcore-service-payments==1.4.0 shutdown completed 🎉=====================
[...]
    await route.handle(scope, receive, send)
  File "/home/crespo/repos/osparc-simcore/.venv/lib/python3.13/site-packages/starlette/routing.py", line 290, in handle
    await self.app(scope, receive, send)
  File "/home/crespo/repos/osparc-simcore/.venv/lib/python3.13/site-packages/starlette/routing.py", line 78, in app
    await wrap_app_handling_exceptions(app, request)(scope, receive, send)
  File "/home/crespo/repos/osparc-simcore/.venv/lib/python3.13/site-packages/starlette/_exception_handler.py", line 53, in wrapped_app
    raise exc
  File "/home/crespo/repos/osparc-simcore/.venv/lib/python3.13/site-packages/starlette/_exception_handler.py", line 42, in wrapped_app
    await app(scope, receive, sender)
  File "/home/crespo/repos/osparc-simcore/.venv/lib/python3.13/site-packages/starlette/routing.py", line 75, in app
    response = await f(request)
               ^^^^^^^^^^^^^^^^
  File "/home/crespo/repos/osparc-simcore/.venv/lib/python3.13/site-packages/fastapi/routing.py", line 302, in app
    raw_response = await run_endpoint_function(
                   ^^^^^^^^^^^^^^^^^^^^^^^^^^^^
    ...<3 lines>...
    )
    ^
  File "/home/crespo/repos/osparc-simcore/.venv/lib/python3.13/site-packages/fastapi/routing.py", line 213, in run_endpoint_function
    return await dependant.call(**values)
           ^^^^^^^^^^^^^^^^^^^^^^^^^^^^^^
  File "/home/crespo/repos/osparc-simcore/services/payments/src/simcore_service_payments/api/rest/_health.py", line 25, in healthcheck
    raise HealthCheckError(RABBITMQ_CLIENT_UNHEALTHY_MSG)
servicelib.fastapi.health.HealthCheckError: RabbitMQ cannot be reached!

During handling of the above exception, another exception occurred:

with_disabled_rabbitmq_and_rpc = None, with_disabled_postgres = None
client = <httpx.AsyncClient object at 0x7bf4dd1fbb90>
mocker = <pytest_mock.plugin.MockerFixture object at 0x7bf4dd1e8af0>
is_client_healthy = True, is_rpc_client_healthy = False
caplog = <_pytest.logging.LogCaptureFixture object at 0x7bf4dd091e50>

    @pytest.mark.parametrize(
        "is_client_healthy, is_rpc_client_healthy",
        [(False, False), (False, True), (True, False)],
    )
    async def test_healthcheck_does_not_log_error_when_rabbitmq_unhealthy(
        with_disabled_rabbitmq_and_rpc: None,
        with_disabled_postgres: None,
        client: httpx.AsyncClient,
        mocker: MockerFixture,
        is_client_healthy: bool,
        is_rpc_client_healthy: bool,
        caplog: pytest.LogCaptureFixture,
    ):
        """An unhealthy RabbitMQ connection must NOT produce ERROR-level log entries
        from the unhandled-exception handler (handle_errors_as_500). It is expected
        and should be handled as a clean 503, not a 500."""
        _mock_rabbitmq_clients(mocker, client_healthy=is_client_healthy, rpc_client_healthy=is_rpc_client_healthy)

        with caplog.at_level(logging.ERROR):
>           response = await client.get("/")
                       ^^^^^^^^^^^^^^^^^^^^^

tests/unit/api/test_rest_health.py:90:
_ _ _ _ _ _ _ _ _ _ _ _ _ _ _ _ _ _ _ _ _ _ _ _ _ _ _ _ _ _ _ _ _ _ _ _ _ _ _ _
../../.venv/lib/python3.13/site-packages/httpx/_client.py:1768: in get
    return await self.request(
../../.venv/lib/python3.13/site-packages/httpx/_client.py:1540: in request
    return await self.send(request, auth=auth, follow_redirects=follow_redirects)
           ^^^^^^^^^^^^^^^^^^^^^^^^^^^^^^^^^^^^^^^^^^^^^^^^^^^^^^^^^^^^^^^^^^^^^^
../../.venv/lib/python3.13/site-packages/httpx/_client.py:1629: in send
    response = await self._send_handling_auth(
../../.venv/lib/python3.13/site-packages/httpx/_client.py:1657: in _send_handling_auth
    response = await self._send_handling_redirects(
../../.venv/lib/python3.13/site-packages/httpx/_client.py:1694: in _send_handling_redirects
    response = await self._send_single_request(request)
               ^^^^^^^^^^^^^^^^^^^^^^^^^^^^^^^^^^^^^^^^
../../.venv/lib/python3.13/site-packages/httpx/_client.py:1730: in _send_single_request
    response = await transport.handle_async_request(request)
               ^^^^^^^^^^^^^^^^^^^^^^^^^^^^^^^^^^^^^^^^^^^^^
../../.venv/lib/python3.13/site-packages/httpx/_transports/asgi.py:170: in handle_async_request
    await self.app(scope, receive, send)
../../.venv/lib/python3.13/site-packages/fastapi/applications.py:1054: in __call__
    await super().__call__(scope, receive, send)
../../.venv/lib/python3.13/site-packages/starlette/applications.py:113: in __call__
    await self.middleware_stack(scope, receive, send)
../../.venv/lib/python3.13/site-packages/starlette/middleware/errors.py:186: in __call__
    raise exc
../../.venv/lib/python3.13/site-packages/starlette/middleware/errors.py:164: in __call__
    await self.app(scope, receive, _send)
../../.venv/lib/python3.13/site-packages/opentelemetry/instrumentation/asgi/__init__.py:811: in __call__
    await self.app(scope, otel_receive, otel_send)
../../.venv/lib/python3.13/site-packages/starlette/middleware/errors.py:186: in __call__
    raise exc
../../.venv/lib/python3.13/site-packages/starlette/middleware/errors.py:164: in __call__
    await self.app(scope, receive, _send)
../../.venv/lib/python3.13/site-packages/opentelemetry/instrumentation/fastapi/__init__.py:307: in __call__
    await self.app(scope, receive, send)
../../.venv/lib/python3.13/site-packages/starlette/middleware/base.py:182: in __call__
    with recv_stream, send_stream, collapse_excgroups():
                                   ^^^^^^^^^^^^^^^^^^^^
../../../../.local/share/uv/python/cpython-3.13.9-linux-x86_64-gnu/lib/python3.13/contextlib.py:162: in __exit__
    self.gen.throw(value)
../../.venv/lib/python3.13/site-packages/starlette/_utils.py:83: in collapse_excgroups
    raise exc
../../.venv/lib/python3.13/site-packages/starlette/middleware/base.py:184: in __call__
    response = await self.dispatch_func(request, call_next)
               ^^^^^^^^^^^^^^^^^^^^^^^^^^^^^^^^^^^^^^^^^^^^
../../packages/service-library/src/servicelib/fastapi/monitoring.py:55: in dispatch
    response = await call_next(request)
               ^^^^^^^^^^^^^^^^^^^^^^^^
../../.venv/lib/python3.13/site-packages/starlette/middleware/base.py:159: in call_next
    raise app_exc
../../.venv/lib/python3.13/site-packages/starlette/middleware/base.py:144: in coro
    await self.app(scope, receive_or_disconnect, send_no_error)
../../.venv/lib/python3.13/site-packages/starlette/middleware/exceptions.py:63: in __call__
    await wrap_app_handling_exceptions(self.app, conn)(scope, receive, send)
../../.venv/lib/python3.13/site-packages/starlette/_exception_handler.py:53: in wrapped_app
    raise exc
../../.venv/lib/python3.13/site-packages/starlette/_exception_handler.py:42: in wrapped_app
    await app(scope, receive, sender)
../../.venv/lib/python3.13/site-packages/starlette/routing.py:716: in __call__
    await self.middleware_stack(scope, receive, send)
../../.venv/lib/python3.13/site-packages/starlette/routing.py:736: in app
    await route.handle(scope, receive, send)
../../.venv/lib/python3.13/site-packages/starlette/routing.py:290: in handle
    await self.app(scope, receive, send)
../../.venv/lib/python3.13/site-packages/starlette/routing.py:78: in app
    await wrap_app_handling_exceptions(app, request)(scope, receive, send)
../../.venv/lib/python3.13/site-packages/starlette/_exception_handler.py:53: in wrapped_app
    raise exc
../../.venv/lib/python3.13/site-packages/starlette/_exception_handler.py:42: in wrapped_app
    await app(scope, receive, sender)
../../.venv/lib/python3.13/site-packages/starlette/routing.py:75: in app
    response = await f(request)
               ^^^^^^^^^^^^^^^^
../../.venv/lib/python3.13/site-packages/fastapi/routing.py:302: in app
    raw_response = await run_endpoint_function(
../../.venv/lib/python3.13/site-packages/fastapi/routing.py:213: in run_endpoint_function
    return await dependant.call(**values)
           ^^^^^^^^^^^^^^^^^^^^^^^^^^^^^^
_ _ _ _ _ _ _ _ _ _ _ _ _ _ _ _ _ _ _ _ _ _ _ _ _ _ _ _ _ _ _ _ _ _ _ _ _ _ _ _

rabbitmq_client = <Mock spec='RabbitMQClient' id='136291606216784'>
rabbitmq_rpc_client = <Mock spec='RabbitMQRPCClient' id='136291606217792'>

    @router.get("/", response_class=PlainTextResponse, response_model=None)
    async def healthcheck(
        rabbitmq_client: Annotated[RabbitMQClient, Depends(get_rabbitmq_client_from_request)],
        rabbitmq_rpc_client: Annotated[RabbitMQRPCClient, Depends(get_rabbitmq_rpc_client_from_request)],
    ) -> str:
        if not rabbitmq_client.healthy or not rabbitmq_rpc_client.healthy:
>           raise HealthCheckError(RABBITMQ_CLIENT_UNHEALTHY_MSG)
E           servicelib.fastapi.health.HealthCheckError: RabbitMQ cannot be reached!

src/simcore_service_payments/api/rest/_health.py:25: HealthCheckError
---------------------------- Captured stdout setup -----------------------------

 ____   __   _  _  _  _  ____  __ _  ____  ___
(  _ \ / _\ ( \/ )( \/ )(  __)(  ( \(_  _)/ ___)
 ) __//    \ )  / / \/ \ ) _) /    /  )(  \___ \
(__)  \_/\_/(__/  \_)(_/(____)\_)__) (__) (____/  v1.4.0

------------------------------ Captured log call -------------------------------
ERROR    servicelib.fastapi.exceptions_utils:exceptions_utils.py:36 Unhandled exception responded as name='500' detail='Server got itself in trouble'
  + Exception Group Traceback (most recent call last):
  |   File "/home/crespo/repos/osparc-simcore/.venv/lib/python3.13/site-packages/starlette/_utils.py", line 77, in collapse_excgroups
  |     yield
  |   File "/home/crespo/repos/osparc-simcore/.venv/lib/python3.13/site-packages/starlette/middleware/base.py", line 183, in __call__
  |     async with anyio.create_task_group() as task_group:
  |                ~~~~~~~~~~~~~~~~~~~~~~~^^
  |   File "/home/crespo/repos/osparc-simcore/.venv/lib/python3.13/site-packages/anyio/_backends/_asyncio.py", line 763, in __aexit__
  |     raise BaseExceptionGroup(
  |         "unhandled errors in a TaskGroup", self._exceptions
  |     )
  | ExceptionGroup: unhandled errors in a TaskGroup (1 sub-exception)
  +-+---------------- 1 ----------------
    | Traceback (most recent call last):
    |   File "/home/crespo/repos/osparc-simcore/.venv/lib/python3.13/site-packages/starlette/middleware/errors.py", line 164, in __call__
    |     await self.app(scope, receive, _send)
    |   File "/home/crespo/repos/osparc-simcore/.venv/lib/python3.13/site-packages/opentelemetry/instrumentation/fastapi/__init__.py", line 307, in __call__
    |     await self.app(scope, receive, send)
    |   File "/home/crespo/repos/osparc-simcore/.venv/lib/python3.13/site-packages/starlette/middleware/base.py", line 182, in __call__
    |     with recv_stream, send_stream, collapse_excgroups():
    |                                    ~~~~~~~~~~~~~~~~~~^^
    |   File "/home/crespo/.local/share/uv/python/cpython-3.13.9-linux-x86_64-gnu/lib/python3.13/contextlib.py", line 162, in __exit__
    |     self.gen.throw(value)
    |     ~~~~~~~~~~~~~~^^^^^^^
    |   File "/home/crespo/repos/osparc-simcore/.venv/lib/python3.13/site-packages/starlette/_utils.py", line 83, in collapse_excgroups
    |     raise exc
    |   File "/home/crespo/repos/osparc-simcore/.venv/lib/python3.13/site-packages/starlette/middleware/base.py", line 184, in __call__
    |     response = await self.dispatch_func(request, call_next)
    |                ^^^^^^^^^^^^^^^^^^^^^^^^^^^^^^^^^^^^^^^^^^^^
    |   File "/home/crespo/repos/osparc-simcore/packages/service-library/src/servicelib/fastapi/monitoring.py", line 55, in dispatch
    |     response = await call_next(request)
    |                ^^^^^^^^^^^^^^^^^^^^^^^^
    |   File "/home/crespo/repos/osparc-simcore/.venv/lib/python3.13/site-packages/starlette/middleware/base.py", line 159, in call_next
    |     raise app_exc
    |   File "/home/crespo/repos/osparc-simcore/.venv/lib/python3.13/site-packages/starlette/middleware/base.py", line 144, in coro
    |     await self.app(scope, receive_or_disconnect, send_no_error)
    |   File "/home/crespo/repos/osparc-simcore/.venv/lib/python3.13/site-packages/starlette/middleware/exceptions.py", line 63, in __call__
    |     await wrap_app_handling_exceptions(self.app, conn)(scope, receive, send)
    |   File "/home/crespo/repos/osparc-simcore/.venv/lib/python3.13/site-packages/starlette/_exception_handler.py", line 53, in wrapped_app
    |     raise exc
    |   File "/home/crespo/repos/osparc-simcore/.venv/lib/python3.13/site-packages/starlette/_exception_handler.py", line 42, in wrapped_app
    |     await app(scope, receive, sender)
    |   File "/home/crespo/repos/osparc-simcore/.venv/lib/python3.13/site-packages/starlette/routing.py", line 716, in __call__
    |     await self.middleware_stack(scope, receive, send)
    |   File "/home/crespo/repos/osparc-simcore/.venv/lib/python3.13/site-packages/starlette/routing.py", line 736, in app
    |     await route.handle(scope, receive, send)
    |   File "/home/crespo/repos/osparc-simcore/.venv/lib/python3.13/site-packages/starlette/routing.py", line 290, in handle
    |     await self.app(scope, receive, send)
    |   File "/home/crespo/repos/osparc-simcore/.venv/lib/python3.13/site-packages/starlette/routing.py", line 78, in app
    |     await wrap_app_handling_exceptions(app, request)(scope, receive, send)
    |   File "/home/crespo/repos/osparc-simcore/.venv/lib/python3.13/site-packages/starlette/_exception_handler.py", line 53, in wrapped_app
    |     raise exc
    |   File "/home/crespo/repos/osparc-simcore/.venv/lib/python3.13/site-packages/starlette/_exception_handler.py", line 42, in wrapped_app
    |     await app(scope, receive, sender)
    |   File "/home/crespo/repos/osparc-simcore/.venv/lib/python3.13/site-packages/starlette/routing.py", line 75, in app
    |     response = await f(request)
    |                ^^^^^^^^^^^^^^^^
    |   File "/home/crespo/repos/osparc-simcore/.venv/lib/python3.13/site-packages/fastapi/routing.py", line 302, in app
    |     raw_response = await run_endpoint_function(
    |                    ^^^^^^^^^^^^^^^^^^^^^^^^^^^^
    |     ...<3 lines>...
    |     )
    |     ^
    |   File "/home/crespo/repos/osparc-simcore/.venv/lib/python3.13/site-packages/fastapi/routing.py", line 213, in run_endpoint_function
    |     return await dependant.call(**values)
    |            ^^^^^^^^^^^^^^^^^^^^^^^^^^^^^^
    |   File "/home/crespo/repos/osparc-simcore/services/payments/src/simcore_service_payments/api/rest/_health.py", line 25, in healthcheck
    |     raise HealthCheckError(RABBITMQ_CLIENT_UNHEALTHY_MSG)
    | servicelib.fastapi.health.HealthCheckError: RabbitMQ cannot be reached!
    +------------------------------------

During handling of the above exception, another exception occurred:

Traceback (most recent call last):
  File "/home/crespo/repos/osparc-simcore/.venv/lib/python3.13/site-packages/starlette/middleware/errors.py", line 164, in __call__
    await self.app(scope, receive, _send)
  File "/home/crespo/repos/osparc-simcore/.venv/lib/python3.13/site-packages/opentelemetry/instrumentation/fastapi/__init__.py", line 307, in __call__
    await self.app(scope, receive, send)
  File "/home/crespo/repos/osparc-simcore/.venv/lib/python3.13/site-packages/starlette/middleware/base.py", line 182, in __call__
    with recv_stream, send_stream, collapse_excgroups():
                                   ~~~~~~~~~~~~~~~~~~^^
  File "/home/crespo/.local/share/uv/python/cpython-3.13.9-linux-x86_64-gnu/lib/python3.13/contextlib.py", line 162, in __exit__
    self.gen.throw(value)
    ~~~~~~~~~~~~~~^^^^^^^
  File "/home/crespo/repos/osparc-simcore/.venv/lib/python3.13/site-packages/starlette/_utils.py", line 83, in collapse_excgroups
    raise exc
  File "/home/crespo/repos/osparc-simcore/.venv/lib/python3.13/site-packages/starlette/middleware/base.py", line 184, in __call__
    response = await self.dispatch_func(request, call_next)
               ^^^^^^^^^^^^^^^^^^^^^^^^^^^^^^^^^^^^^^^^^^^^
  File "/home/crespo/repos/osparc-simcore/packages/service-library/src/servicelib/fastapi/monitoring.py", line 55, in dispatch
    response = await call_next(request)
               ^^^^^^^^^^^^^^^^^^^^^^^^
  File "/home/crespo/repos/osparc-simcore/.venv/lib/python3.13/site-packages/starlette/middleware/base.py", line 159, in call_next
    raise app_exc
  File "/home/crespo/repos/osparc-simcore/.venv/lib/python3.13/site-packages/starlette/middleware/base.py", line 144, in coro
    await self.app(scope, receive_or_disconnect, send_no_error)
  File "/home/crespo/repos/osparc-simcore/.venv/lib/python3.13/site-packages/starlette/middleware/exceptions.py", line 63, in __call__
    await wrap_app_handling_exceptions(self.app, conn)(scope, receive, send)
  File "/home/crespo/repos/osparc-simcore/.venv/lib/python3.13/site-packages/starlette/_exception_handler.py", line 53, in wrapped_app
    raise exc
  File "/home/crespo/repos/osparc-simcore/.venv/lib/python3.13/site-packages/starlette/_exception_handler.py", line 42, in wrapped_app
    await app(scope, receive, sender)
  File "/home/crespo/repos/osparc-simcore/.venv/lib/python3.13/site-packages/starlette/routing.py", line 716, in __call__
    await self.middleware_stack(scope, receive, send)
  File "/home/crespo/repos/osparc-simcore/.venv/lib/python3.13/site-packages/starlette/routing.py", line 736, in app
    await route.handle(scope, receive, send)
  File "/home/crespo/repos/osparc-simcore/.venv/lib/python3.13/site-packages/starlette/routing.py", line 290, in handle
    await self.app(scope, receive, send)
  File "/home/crespo/repos/osparc-simcore/.venv/lib/python3.13/site-packages/starlette/routing.py", line 78, in app
    await wrap_app_handling_exceptions(app, request)(scope, receive, send)
  File "/home/crespo/repos/osparc-simcore/.venv/lib/python3.13/site-packages/starlette/_exception_handler.py", line 53, in wrapped_app
    raise exc
  File "/home/crespo/repos/osparc-simcore/.venv/lib/python3.13/site-packages/starlette/_exception_handler.py", line 42, in wrapped_app
    await app(scope, receive, sender)
  File "/home/crespo/repos/osparc-simcore/.venv/lib/python3.13/site-packages/starlette/routing.py", line 75, in app
    response = await f(request)
               ^^^^^^^^^^^^^^^^
  File "/home/crespo/repos/osparc-simcore/.venv/lib/python3.13/site-packages/fastapi/routing.py", line 302, in app
    raw_response = await run_endpoint_function(
                   ^^^^^^^^^^^^^^^^^^^^^^^^^^^^
    ...<3 lines>...
    )
    ^
  File "/home/crespo/repos/osparc-simcore/.venv/lib/python3.13/site-packages/fastapi/routing.py", line 213, in run_endpoint_function
    return await dependant.call(**values)
           ^^^^^^^^^^^^^^^^^^^^^^^^^^^^^^
  File "/home/crespo/repos/osparc-simcore/services/payments/src/simcore_service_payments/api/rest/_health.py", line 25, in healthcheck
    raise HealthCheckError(RABBITMQ_CLIENT_UNHEALTHY_MSG)
servicelib.fastapi.health.HealthCheckError: RabbitMQ cannot be reached!
--------------------------- Captured stdout teardown ---------------------------
=====================🎉 App simcore-service-payments==1.4.0 shutdown completed 🎉=====================
=========================== short test summary info ============================
FAILED tests/unit/api/test_rest_health.py::test_healthcheck_returns_503_when_rabbitmq_unhealthy[False-False]
FAILED tests/unit/api/test_rest_health.py::test_healthcheck_returns_503_when_rabbitmq_unhealthy[False-True]
FAILED tests/unit/api/test_rest_health.py::test_healthcheck_returns_503_when_rabbitmq_unhealthy[True-False]
FAILED tests/unit/api/test_rest_health.py::test_healthcheck_does_not_log_error_when_rabbitmq_unhealthy[False-False]
FAILED tests/unit/api/test_rest_health.py::test_healthcheck_does_not_log_error_when_rabbitmq_unhealthy[False-True]
FAILED tests/unit/api/test_rest_health.py::test_healthcheck_does_not_log_error_when_rabbitmq_unhealthy[True-False]
========================= 6 failed, 1 passed in 0.87s ==========================
